<?xml version="1.0" encoding="utf-8"?>
<test-run id="2" testcasecount="478" result="Passed" total="478" passed="478" failed="0" inconclusive="0" skipped="0" asserts="0" engine-version="3.5.0.0" clr-version="4.0.30319.42000" start-time="2026-05-10 13:36:58Z" end-time="2026-05-10 13:36:59Z" duration="1.0047684">
  <test-suite type="TestSuite" id="1611" name="Draw.io" fullname="Draw.io" runstate="Runnable" testcasecount="478" result="Passed" start-time="2026-05-10 13:36:58Z" end-time="2026-05-10 13:36:59Z" duration="1.004768" total="478" passed="478" failed="0" inconclusive="0" skipped="0" asserts="0">
    <properties />
    <test-suite type="Assembly" id="1675" name="Assembly-CSharp-Editor.dll" fullname="C:/Unity/Voodoo/Draw.ioTest/Draw.ioTest/Library/ScriptAssemblies/Assembly-CSharp-Editor.dll" runstate="Runnable" testcasecount="60" result="Passed" start-time="2026-05-10 13:36:58Z" end-time="2026-05-10 13:36:58Z" duration="0.066230" total="60" passed="60" failed="0" inconclusive="0" skipped="0" asserts="0">
      <properties>
        <property name="_PID" value="47032" />
        <property name="_APPDOMAIN" value="Unity Child Domain" />
        <property name="platform" value="EditMode" />
      </properties>
      <test-suite type="TestFixture" id="1612" name="ConstantsRegressionTests" fullname="ConstantsRegressionTests" classname="ConstantsRegressionTests" runstate="Runnable" testcasecount="6" result="Passed" start-time="2026-05-10 13:36:58Z" end-time="2026-05-10 13:36:58Z" duration="0.016295" total="6" passed="6" failed="0" inconclusive="0" skipped="0" asserts="0">
        <properties />
        <test-case id="1613" name="BestScoreKey_IsBestScore" fullname="ConstantsRegressionTests.BestScoreKey_IsBestScore" methodname="BestScoreKey_IsBestScore" classname="ConstantsRegressionTests" runstate="Runnable" seed="638427140" result="Passed" start-time="2026-05-10 13:36:58Z" end-time="2026-05-10 13:36:58Z" duration="0.005820" asserts="0">
          <properties />
        </test-case>
        <test-case id="1614" name="GameResultKey_IsGameResult" fullname="ConstantsRegressionTests.GameResultKey_IsGameResult" methodname="GameResultKey_IsGameResult" classname="ConstantsRegressionTests" runstate="Runnable" seed="708884925" result="Passed" start-time="2026-05-10 13:36:58Z" end-time="2026-05-10 13:36:58Z" duration="0.000134" asserts="0">
          <properties />
        </test-case>
        <test-case id="1616" name="PlayerLevelKey_IsLvl" fullname="ConstantsRegressionTests.PlayerLevelKey_IsLvl" methodname="PlayerLevelKey_IsLvl" classname="ConstantsRegressionTests" runstate="Runnable" seed="1597827996" result="Passed" start-time="2026-05-10 13:36:58Z" end-time="2026-05-10 13:36:58Z" duration="0.000106" asserts="0">
          <properties />
        </test-case>
        <test-case id="1617" name="PlayerNameKey_IsNickname" fullname="ConstantsRegressionTests.PlayerNameKey_IsNickname" methodname="PlayerNameKey_IsNickname" classname="ConstantsRegressionTests" runstate="Runnable" seed="42252167" result="Passed" start-time="2026-05-10 13:36:58Z" end-time="2026-05-10 13:36:58Z" duration="0.000101" asserts="0">
          <properties />
        </test-case>
        <test-case id="1615" name="PlayerXPKey_IsXP" fullname="ConstantsRegressionTests.PlayerXPKey_IsXP" methodname="PlayerXPKey_IsXP" classname="ConstantsRegressionTests" runstate="Runnable" seed="62270291" result="Passed" start-time="2026-05-10 13:36:58Z" end-time="2026-05-10 13:36:58Z" duration="0.000096" asserts="0">
          <properties />
        </test-case>
        <test-case id="1618" name="SavedGameCount_IsFive" fullname="ConstantsRegressionTests.SavedGameCount_IsFive" methodname="SavedGameCount_IsFive" classname="ConstantsRegressionTests" runstate="Runnable" seed="1392229450" result="Passed" start-time="2026-05-10 13:36:58Z" end-time="2026-05-10 13:36:58Z" duration="0.000827" asserts="0">
          <properties />
        </test-case>
      </test-suite>
      <test-suite type="TestFixture" id="1619" name="StatsKeyRegressionTests" fullname="StatsKeyRegressionTests" classname="StatsKeyRegressionTests" runstate="Runnable" testcasecount="16" result="Passed" start-time="2026-05-10 13:36:58Z" end-time="2026-05-10 13:36:58Z" duration="0.016015" total="16" passed="16" failed="0" inconclusive="0" skipped="0" asserts="0">
        <properties />
        <test-case id="1635" name="AddGameResult_DoesNotWriteBoosterKeys" fullname="StatsKeyRegressionTests.AddGameResult_DoesNotWriteBoosterKeys" methodname="AddGameResult_DoesNotWriteBoosterKeys" classname="StatsKeyRegressionTests" runstate="Runnable" seed="585905535" result="Passed" start-time="2026-05-10 13:36:58Z" end-time="2026-05-10 13:36:58Z" duration="0.002528" asserts="0">
          <properties />
        </test-case>
        <test-case id="1621" name="AddGameResult_WritesExactKeys_GameResult_0_Through_4" fullname="StatsKeyRegressionTests.AddGameResult_WritesExactKeys_GameResult_0_Through_4" methodname="AddGameResult_WritesExactKeys_GameResult_0_Through_4" classname="StatsKeyRegressionTests" runstate="Runnable" seed="304641440" result="Passed" start-time="2026-05-10 13:36:58Z" end-time="2026-05-10 13:36:58Z" duration="0.001060" asserts="0">
          <properties />
        </test-case>
        <test-case id="1632" name="AllPerModeKeys_AreDistinct" fullname="StatsKeyRegressionTests.AllPerModeKeys_AreDistinct" methodname="AllPerModeKeys_AreDistinct" classname="StatsKeyRegressionTests" runstate="Runnable" seed="476930873" result="Passed" start-time="2026-05-10 13:36:58Z" end-time="2026-05-10 13:36:58Z" duration="0.002091" asserts="0">
          <properties />
        </test-case>
        <test-case id="1631" name="FavoriteSkin_ReadsExactKey_FavoriteSkin" fullname="StatsKeyRegressionTests.FavoriteSkin_ReadsExactKey_FavoriteSkin" methodname="FavoriteSkin_ReadsExactKey_FavoriteSkin" classname="StatsKeyRegressionTests" runstate="Runnable" seed="308052198" result="Passed" start-time="2026-05-10 13:36:58Z" end-time="2026-05-10 13:36:58Z" duration="0.000525" asserts="0">
          <properties />
        </test-case>
        <test-case id="1625" name="FavoriteSkin_WritesExactKey_FavoriteSkin" fullname="StatsKeyRegressionTests.FavoriteSkin_WritesExactKey_FavoriteSkin" methodname="FavoriteSkin_WritesExactKey_FavoriteSkin" classname="StatsKeyRegressionTests" runstate="Runnable" seed="1890054860" result="Passed" start-time="2026-05-10 13:36:58Z" end-time="2026-05-10 13:36:58Z" duration="0.000653" asserts="0">
          <properties />
        </test-case>
        <test-case id="1634" name="GainXP_DoesNotWriteBoosterKeys" fullname="StatsKeyRegressionTests.GainXP_DoesNotWriteBoosterKeys" methodname="GainXP_DoesNotWriteBoosterKeys" classname="StatsKeyRegressionTests" runstate="Runnable" seed="1674182687" result="Passed" start-time="2026-05-10 13:36:58Z" end-time="2026-05-10 13:36:58Z" duration="0.000557" asserts="0">
          <properties />
        </test-case>
        <test-case id="1623" name="GainXP_LevelUp_WritesExactKey_Lvl" fullname="StatsKeyRegressionTests.GainXP_LevelUp_WritesExactKey_Lvl" methodname="GainXP_LevelUp_WritesExactKey_Lvl" classname="StatsKeyRegressionTests" runstate="Runnable" seed="1370613324" result="Passed" start-time="2026-05-10 13:36:58Z" end-time="2026-05-10 13:36:58Z" duration="0.000534" asserts="0">
          <properties />
        </test-case>
        <test-case id="1622" name="GainXP_WritesExactKey_XP" fullname="StatsKeyRegressionTests.GainXP_WritesExactKey_XP" methodname="GainXP_WritesExactKey_XP" classname="StatsKeyRegressionTests" runstate="Runnable" seed="1375528215" result="Passed" start-time="2026-05-10 13:36:58Z" end-time="2026-05-10 13:36:58Z" duration="0.000517" asserts="0">
          <properties />
        </test-case>
        <test-case id="1626" name="GetBestScore_ReadsExactKey_BestScore" fullname="StatsKeyRegressionTests.GetBestScore_ReadsExactKey_BestScore" methodname="GetBestScore_ReadsExactKey_BestScore" classname="StatsKeyRegressionTests" runstate="Runnable" seed="1448186660" result="Passed" start-time="2026-05-10 13:36:58Z" end-time="2026-05-10 13:36:58Z" duration="0.000487" asserts="0">
          <properties />
        </test-case>
        <test-case id="1629" name="GetLevel_ReadsExactKeys_GameResult_0_Through_N" fullname="StatsKeyRegressionTests.GetLevel_ReadsExactKeys_GameResult_0_Through_N" methodname="GetLevel_ReadsExactKeys_GameResult_0_Through_N" classname="StatsKeyRegressionTests" runstate="Runnable" seed="1525473415" result="Passed" start-time="2026-05-10 13:36:58Z" end-time="2026-05-10 13:36:58Z" duration="0.001105" asserts="0">
          <properties />
        </test-case>
        <test-case id="1630" name="GetNickname_ReadsExactKey_Nickname" fullname="StatsKeyRegressionTests.GetNickname_ReadsExactKey_Nickname" methodname="GetNickname_ReadsExactKey_Nickname" classname="StatsKeyRegressionTests" runstate="Runnable" seed="102140952" result="Passed" start-time="2026-05-10 13:36:58Z" end-time="2026-05-10 13:36:58Z" duration="0.000692" asserts="0">
          <properties />
        </test-case>
        <test-case id="1628" name="GetPlayerLevel_ReadsExactKey_Lvl" fullname="StatsKeyRegressionTests.GetPlayerLevel_ReadsExactKey_Lvl" methodname="GetPlayerLevel_ReadsExactKey_Lvl" classname="StatsKeyRegressionTests" runstate="Runnable" seed="1236715026" result="Passed" start-time="2026-05-10 13:36:58Z" end-time="2026-05-10 13:36:58Z" duration="0.000490" asserts="0">
          <properties />
        </test-case>
        <test-case id="1627" name="GetXP_ReadsExactKey_XP" fullname="StatsKeyRegressionTests.GetXP_ReadsExactKey_XP" methodname="GetXP_ReadsExactKey_XP" classname="StatsKeyRegressionTests" runstate="Runnable" seed="475963998" result="Passed" start-time="2026-05-10 13:36:58Z" end-time="2026-05-10 13:36:58Z" duration="0.000482" asserts="0">
          <properties />
        </test-case>
        <test-case id="1624" name="SetNickname_WritesExactKey_Nickname" fullname="StatsKeyRegressionTests.SetNickname_WritesExactKey_Nickname" methodname="SetNickname_WritesExactKey_Nickname" classname="StatsKeyRegressionTests" runstate="Runnable" seed="743954727" result="Passed" start-time="2026-05-10 13:36:58Z" end-time="2026-05-10 13:36:58Z" duration="0.000535" asserts="0">
          <properties />
        </test-case>
        <test-case id="1633" name="TryToSetBestScore_DoesNotWriteBoosterKeys" fullname="StatsKeyRegressionTests.TryToSetBestScore_DoesNotWriteBoosterKeys" methodname="TryToSetBestScore_DoesNotWriteBoosterKeys" classname="StatsKeyRegressionTests" runstate="Runnable" seed="978669083" result="Passed" start-time="2026-05-10 13:36:58Z" end-time="2026-05-10 13:36:58Z" duration="0.000541" asserts="0">
          <properties />
        </test-case>
        <test-case id="1620" name="TryToSetBestScore_WritesExactKey_BestScore" fullname="StatsKeyRegressionTests.TryToSetBestScore_WritesExactKey_BestScore" methodname="TryToSetBestScore_WritesExactKey_BestScore" classname="StatsKeyRegressionTests" runstate="Runnable" seed="1922649230" result="Passed" start-time="2026-05-10 13:36:58Z" end-time="2026-05-10 13:36:58Z" duration="0.000491" asserts="0">
          <properties />
        </test-case>
      </test-suite>
      <test-suite type="TestFixture" id="1636" name="StatsServiceTests" fullname="StatsServiceTests" classname="StatsServiceTests" runstate="Runnable" testcasecount="38" result="Passed" start-time="2026-05-10 13:36:58Z" end-time="2026-05-10 13:36:58Z" duration="0.031569" total="38" passed="38" failed="0" inconclusive="0" skipped="0" asserts="0">
        <properties />
        <test-case id="1648" name="AddGameResult_CapsAtSavedGameCount" fullname="StatsServiceTests.AddGameResult_CapsAtSavedGameCount" methodname="AddGameResult_CapsAtSavedGameCount" classname="StatsServiceTests" runstate="Runnable" seed="1287205748" result="Passed" start-time="2026-05-10 13:36:58Z" end-time="2026-05-10 13:36:58Z" duration="0.001392" asserts="0">
          <properties />
        </test-case>
        <test-case id="1647" name="AddGameResult_ShiftsHistoryForward" fullname="StatsServiceTests.AddGameResult_ShiftsHistoryForward" methodname="AddGameResult_ShiftsHistoryForward" classname="StatsServiceTests" runstate="Runnable" seed="62921390" result="Passed" start-time="2026-05-10 13:36:58Z" end-time="2026-05-10 13:36:58Z" duration="0.000743" asserts="0">
          <properties />
        </test-case>
        <test-case id="1646" name="AddGameResult_WritesToGameResult0Key" fullname="StatsServiceTests.AddGameResult_WritesToGameResult0Key" methodname="AddGameResult_WritesToGameResult0Key" classname="StatsServiceTests" runstate="Runnable" seed="361376857" result="Passed" start-time="2026-05-10 13:36:58Z" end-time="2026-05-10 13:36:58Z" duration="0.000559" asserts="0">
          <properties />
        </test-case>
        <test-case id="1667" name="BestScore_DoesNotAffectXP" fullname="StatsServiceTests.BestScore_DoesNotAffectXP" methodname="BestScore_DoesNotAffectXP" classname="StatsServiceTests" runstate="Runnable" seed="196043180" result="Passed" start-time="2026-05-10 13:36:58Z" end-time="2026-05-10 13:36:58Z" duration="0.000494" asserts="0">
          <properties />
        </test-case>
        <test-case id="1671" name="EndOfMatch_FirstPlace_FullSequence" fullname="StatsServiceTests.EndOfMatch_FirstPlace_FullSequence" methodname="EndOfMatch_FirstPlace_FullSequence" classname="StatsServiceTests" runstate="Runnable" seed="1306431844" result="Passed" start-time="2026-05-10 13:36:58Z" end-time="2026-05-10 13:36:58Z" duration="0.000721" asserts="0">
          <properties />
        </test-case>
        <test-case id="1674" name="EndOfMatch_MultipleGames_ProgressionAccumulates" fullname="StatsServiceTests.EndOfMatch_MultipleGames_ProgressionAccumulates" methodname="EndOfMatch_MultipleGames_ProgressionAccumulates" classname="StatsServiceTests" runstate="Runnable" seed="1822242485" result="Passed" start-time="2026-05-10 13:36:58Z" end-time="2026-05-10 13:36:58Z" duration="0.000818" asserts="0">
          <properties />
        </test-case>
        <test-case id="1672" name="EndOfMatch_SecondPlace_DifficultyDown" fullname="StatsServiceTests.EndOfMatch_SecondPlace_DifficultyDown" methodname="EndOfMatch_SecondPlace_DifficultyDown" classname="StatsServiceTests" runstate="Runnable" seed="568832919" result="Passed" start-time="2026-05-10 13:36:58Z" end-time="2026-05-10 13:36:58Z" duration="0.000587" asserts="0">
          <properties />
        </test-case>
        <test-case id="1673" name="EndOfMatch_ThirdOrWorse_DifficultyStays" fullname="StatsServiceTests.EndOfMatch_ThirdOrWorse_DifficultyStays" methodname="EndOfMatch_ThirdOrWorse_DifficultyStays" classname="StatsServiceTests" runstate="Runnable" seed="1068442440" result="Passed" start-time="2026-05-10 13:36:58Z" end-time="2026-05-10 13:36:58Z" duration="0.000574" asserts="0">
          <properties />
        </test-case>
        <test-case id="1666" name="FavoriteSkin_UsesFavoriteSkinKey" fullname="StatsServiceTests.FavoriteSkin_UsesFavoriteSkinKey" methodname="FavoriteSkin_UsesFavoriteSkinKey" classname="StatsServiceTests" runstate="Runnable" seed="429855888" result="Passed" start-time="2026-05-10 13:36:58Z" end-time="2026-05-10 13:36:58Z" duration="0.000496" asserts="0">
          <properties />
        </test-case>
        <test-case id="1661" name="GainXP_AccumulatesAcrossMultipleCalls" fullname="StatsServiceTests.GainXP_AccumulatesAcrossMultipleCalls" methodname="GainXP_AccumulatesAcrossMultipleCalls" classname="StatsServiceTests" runstate="Runnable" seed="1857621216" result="Passed" start-time="2026-05-10 13:36:58Z" end-time="2026-05-10 13:36:58Z" duration="0.000605" asserts="0">
          <properties />
        </test-case>
        <test-case id="1654" name="GainXP_AccumulatesXP" fullname="StatsServiceTests.GainXP_AccumulatesXP" methodname="GainXP_AccumulatesXP" classname="StatsServiceTests" runstate="Runnable" seed="220521795" result="Passed" start-time="2026-05-10 13:36:58Z" end-time="2026-05-10 13:36:58Z" duration="0.000516" asserts="0">
          <properties />
        </test-case>
        <test-case id="1658" name="GainXP_ExactThreshold_LevelsUpWithZeroRemainder" fullname="StatsServiceTests.GainXP_ExactThreshold_LevelsUpWithZeroRemainder" methodname="GainXP_ExactThreshold_LevelsUpWithZeroRemainder" classname="StatsServiceTests" runstate="Runnable" seed="1347232257" result="Passed" start-time="2026-05-10 13:36:58Z" end-time="2026-05-10 13:36:58Z" duration="0.000538" asserts="0">
          <properties />
        </test-case>
        <test-case id="1659" name="GainXP_LevelWritesToLvlKey" fullname="StatsServiceTests.GainXP_LevelWritesToLvlKey" methodname="GainXP_LevelWritesToLvlKey" classname="StatsServiceTests" runstate="Runnable" seed="847427633" result="Passed" start-time="2026-05-10 13:36:58Z" end-time="2026-05-10 13:36:58Z" duration="0.000524" asserts="0">
          <properties />
        </test-case>
        <test-case id="1657" name="GainXP_MultipleLevelUps" fullname="StatsServiceTests.GainXP_MultipleLevelUps" methodname="GainXP_MultipleLevelUps" classname="StatsServiceTests" runstate="Runnable" seed="2004278325" result="Passed" start-time="2026-05-10 13:36:58Z" end-time="2026-05-10 13:36:58Z" duration="0.000558" asserts="0">
          <properties />
        </test-case>
        <test-case id="1660" name="GainXP_SubThreshold_NoLevelUp" fullname="StatsServiceTests.GainXP_SubThreshold_NoLevelUp" methodname="GainXP_SubThreshold_NoLevelUp" classname="StatsServiceTests" runstate="Runnable" seed="316196987" result="Passed" start-time="2026-05-10 13:36:58Z" end-time="2026-05-10 13:36:58Z" duration="0.003863" asserts="0">
          <properties />
        </test-case>
        <test-case id="1656" name="GainXP_TriggersLevelUp_AtThreshold" fullname="StatsServiceTests.GainXP_TriggersLevelUp_AtThreshold" methodname="GainXP_TriggersLevelUp_AtThreshold" classname="StatsServiceTests" runstate="Runnable" seed="1270643973" result="Passed" start-time="2026-05-10 13:36:58Z" end-time="2026-05-10 13:36:58Z" duration="0.000577" asserts="0">
          <properties />
        </test-case>
        <test-case id="1655" name="GainXP_WritesToXPKey" fullname="StatsServiceTests.GainXP_WritesToXPKey" methodname="GainXP_WritesToXPKey" classname="StatsServiceTests" runstate="Runnable" seed="968608236" result="Passed" start-time="2026-05-10 13:36:58Z" end-time="2026-05-10 13:36:58Z" duration="0.000507" asserts="0">
          <properties />
        </test-case>
        <test-case id="1669" name="GameResult_DoesNotAffectPlayerLevel" fullname="StatsServiceTests.GameResult_DoesNotAffectPlayerLevel" methodname="GameResult_DoesNotAffectPlayerLevel" classname="StatsServiceTests" runstate="Runnable" seed="498081432" result="Passed" start-time="2026-05-10 13:36:58Z" end-time="2026-05-10 13:36:58Z" duration="0.000558" asserts="0">
          <properties />
        </test-case>
        <test-case id="1638" name="GetBestScore_DefaultsToZero" fullname="StatsServiceTests.GetBestScore_DefaultsToZero" methodname="GetBestScore_DefaultsToZero" classname="StatsServiceTests" runstate="Runnable" seed="1394880586" result="Passed" start-time="2026-05-10 13:36:58Z" end-time="2026-05-10 13:36:58Z" duration="0.000460" asserts="0">
          <properties />
        </test-case>
        <test-case id="1637" name="GetBestScore_ReadsFromBestScoreKey" fullname="StatsServiceTests.GetBestScore_ReadsFromBestScoreKey" methodname="GetBestScore_ReadsFromBestScoreKey" classname="StatsServiceTests" runstate="Runnable" seed="658821645" result="Passed" start-time="2026-05-10 13:36:58Z" end-time="2026-05-10 13:36:58Z" duration="0.000529" asserts="0">
          <properties />
        </test-case>
        <test-case id="1650" name="GetLevel_AllWins_ReturnsOne" fullname="StatsServiceTests.GetLevel_AllWins_ReturnsOne" methodname="GetLevel_AllWins_ReturnsOne" classname="StatsServiceTests" runstate="Runnable" seed="1850786840" result="Passed" start-time="2026-05-10 13:36:58Z" end-time="2026-05-10 13:36:58Z" duration="0.000906" asserts="0">
          <properties />
        </test-case>
        <test-case id="1649" name="GetLevel_DefaultsToZero_NoResults" fullname="StatsServiceTests.GetLevel_DefaultsToZero_NoResults" methodname="GetLevel_DefaultsToZero_NoResults" classname="StatsServiceTests" runstate="Runnable" seed="1056794813" result="Passed" start-time="2026-05-10 13:36:58Z" end-time="2026-05-10 13:36:58Z" duration="0.000483" asserts="0">
          <properties />
        </test-case>
        <test-case id="1651" name="GetLevel_MixedResults_ReturnsAverage" fullname="StatsServiceTests.GetLevel_MixedResults_ReturnsAverage" methodname="GetLevel_MixedResults_ReturnsAverage" classname="StatsServiceTests" runstate="Runnable" seed="1505922891" result="Passed" start-time="2026-05-10 13:36:58Z" end-time="2026-05-10 13:36:58Z" duration="0.000734" asserts="0">
          <properties />
        </test-case>
        <test-case id="1652" name="GetLevel_NegativeResults_ClampsToZero" fullname="StatsServiceTests.GetLevel_NegativeResults_ClampsToZero" methodname="GetLevel_NegativeResults_ClampsToZero" classname="StatsServiceTests" runstate="Runnable" seed="1302437950" result="Passed" start-time="2026-05-10 13:36:58Z" end-time="2026-05-10 13:36:58Z" duration="0.000868" asserts="0">
          <properties />
        </test-case>
        <test-case id="1645" name="GetPlayerLevel_DefaultsToOne" fullname="StatsServiceTests.GetPlayerLevel_DefaultsToOne" methodname="GetPlayerLevel_DefaultsToOne" classname="StatsServiceTests" runstate="Runnable" seed="2029113123" result="Passed" start-time="2026-05-10 13:36:58Z" end-time="2026-05-10 13:36:58Z" duration="0.000472" asserts="0">
          <properties />
        </test-case>
        <test-case id="1644" name="GetPlayerLevel_ReadsFromLvlKey" fullname="StatsServiceTests.GetPlayerLevel_ReadsFromLvlKey" methodname="GetPlayerLevel_ReadsFromLvlKey" classname="StatsServiceTests" runstate="Runnable" seed="825235886" result="Passed" start-time="2026-05-10 13:36:58Z" end-time="2026-05-10 13:36:58Z" duration="0.000473" asserts="0">
          <properties />
        </test-case>
        <test-case id="1643" name="GetXP_DefaultsToZero" fullname="StatsServiceTests.GetXP_DefaultsToZero" methodname="GetXP_DefaultsToZero" classname="StatsServiceTests" runstate="Runnable" seed="1995498075" result="Passed" start-time="2026-05-10 13:36:58Z" end-time="2026-05-10 13:36:58Z" duration="0.000454" asserts="0">
          <properties />
        </test-case>
        <test-case id="1642" name="GetXP_ReadsFromXPKey" fullname="StatsServiceTests.GetXP_ReadsFromXPKey" methodname="GetXP_ReadsFromXPKey" classname="StatsServiceTests" runstate="Runnable" seed="680584271" result="Passed" start-time="2026-05-10 13:36:58Z" end-time="2026-05-10 13:36:58Z" duration="0.000478" asserts="0">
          <properties />
        </test-case>
        <test-case id="1670" name="Nickname_DoesNotAffectBestScoreOrXP" fullname="StatsServiceTests.Nickname_DoesNotAffectBestScoreOrXP" methodname="Nickname_DoesNotAffectBestScoreOrXP" classname="StatsServiceTests" runstate="Runnable" seed="297357767" result="Passed" start-time="2026-05-10 13:36:58Z" end-time="2026-05-10 13:36:58Z" duration="0.000494" asserts="0">
          <properties />
        </test-case>
        <test-case id="1665" name="Nickname_UsesPlayerNameSaveKey" fullname="StatsServiceTests.Nickname_UsesPlayerNameSaveKey" methodname="Nickname_UsesPlayerNameSaveKey" classname="StatsServiceTests" runstate="Runnable" seed="587878619" result="Passed" start-time="2026-05-10 13:36:58Z" end-time="2026-05-10 13:36:58Z" duration="0.000486" asserts="0">
          <properties />
        </test-case>
        <test-case id="1653" name="SetLastXP_StoresInMemory" fullname="StatsServiceTests.SetLastXP_StoresInMemory" methodname="SetLastXP_StoresInMemory" classname="StatsServiceTests" runstate="Runnable" seed="785680080" result="Passed" start-time="2026-05-10 13:36:58Z" end-time="2026-05-10 13:36:58Z" duration="0.000457" asserts="0">
          <properties />
        </test-case>
        <test-case id="1640" name="TryToSetBestScore_OnlyUpdatesIfHigher" fullname="StatsServiceTests.TryToSetBestScore_OnlyUpdatesIfHigher" methodname="TryToSetBestScore_OnlyUpdatesIfHigher" classname="StatsServiceTests" runstate="Runnable" seed="627521960" result="Passed" start-time="2026-05-10 13:36:58Z" end-time="2026-05-10 13:36:58Z" duration="0.000494" asserts="0">
          <properties />
        </test-case>
        <test-case id="1641" name="TryToSetBestScore_OverwritesWhenHigher" fullname="StatsServiceTests.TryToSetBestScore_OverwritesWhenHigher" methodname="TryToSetBestScore_OverwritesWhenHigher" classname="StatsServiceTests" runstate="Runnable" seed="1409650346" result="Passed" start-time="2026-05-10 13:36:58Z" end-time="2026-05-10 13:36:58Z" duration="0.000649" asserts="0">
          <properties />
        </test-case>
        <test-case id="1639" name="TryToSetBestScore_WritesToBestScoreKey" fullname="StatsServiceTests.TryToSetBestScore_WritesToBestScoreKey" methodname="TryToSetBestScore_WritesToBestScoreKey" classname="StatsServiceTests" runstate="Runnable" seed="858797131" result="Passed" start-time="2026-05-10 13:36:58Z" end-time="2026-05-10 13:36:58Z" duration="0.000646" asserts="0">
          <properties />
        </test-case>
        <test-case id="1668" name="XPGain_DoesNotAffectBestScore" fullname="StatsServiceTests.XPGain_DoesNotAffectBestScore" methodname="XPGain_DoesNotAffectBestScore" classname="StatsServiceTests" runstate="Runnable" seed="1192157500" result="Passed" start-time="2026-05-10 13:36:58Z" end-time="2026-05-10 13:36:58Z" duration="0.000585" asserts="0">
          <properties />
        </test-case>
        <test-case id="1664" name="XPToNextLevel_ClampsToLastEntry_BeyondList" fullname="StatsServiceTests.XPToNextLevel_ClampsToLastEntry_BeyondList" methodname="XPToNextLevel_ClampsToLastEntry_BeyondList" classname="StatsServiceTests" runstate="Runnable" seed="919259029" result="Passed" start-time="2026-05-10 13:36:58Z" end-time="2026-05-10 13:36:58Z" duration="0.000541" asserts="0">
          <properties />
        </test-case>
        <test-case id="1663" name="XPToNextLevel_ReturnsCorrectEntry_AtLevel2" fullname="StatsServiceTests.XPToNextLevel_ReturnsCorrectEntry_AtLevel2" methodname="XPToNextLevel_ReturnsCorrectEntry_AtLevel2" classname="StatsServiceTests" runstate="Runnable" seed="1713127099" result="Passed" start-time="2026-05-10 13:36:58Z" end-time="2026-05-10 13:36:58Z" duration="0.000481" asserts="0">
          <properties />
        </test-case>
        <test-case id="1662" name="XPToNextLevel_ReturnsFirstEntry_AtLevel1" fullname="StatsServiceTests.XPToNextLevel_ReturnsFirstEntry_AtLevel1" methodname="XPToNextLevel_ReturnsFirstEntry_AtLevel1" classname="StatsServiceTests" runstate="Runnable" seed="1584845214" result="Passed" start-time="2026-05-10 13:36:58Z" end-time="2026-05-10 13:36:58Z" duration="0.000511" asserts="0">
          <properties />
        </test-case>
      </test-suite>
    </test-suite>
    <test-suite type="Assembly" id="2208" name="Zenject-UnitTests-Editor.dll" fullname="C:/Unity/Voodoo/Draw.ioTest/Draw.ioTest/Library/ScriptAssemblies/Zenject-UnitTests-Editor.dll" runstate="Runnable" testcasecount="418" result="Passed" start-time="2026-05-10 13:36:58Z" end-time="2026-05-10 13:36:59Z" duration="0.922061" total="418" passed="418" failed="0" inconclusive="0" skipped="0" asserts="0">
      <properties>
        <property name="_PID" value="47032" />
        <property name="_APPDOMAIN" value="Unity Child Domain" />
        <property name="platform" value="EditMode" />
      </properties>
      <test-suite type="TestSuite" id="2209" name="Zenject" fullname="Zenject" runstate="Runnable" testcasecount="418" result="Passed" start-time="2026-05-10 13:36:58Z" end-time="2026-05-10 13:36:59Z" duration="0.919179" total="418" passed="418" failed="0" inconclusive="0" skipped="0" asserts="0">
        <properties />
        <test-suite type="TestSuite" id="2210" name="Tests" fullname="Zenject.Tests" runstate="Runnable" testcasecount="418" result="Passed" start-time="2026-05-10 13:36:58Z" end-time="2026-05-10 13:36:59Z" duration="0.916351" total="418" passed="418" failed="0" inconclusive="0" skipped="0" asserts="0">
          <properties />
          <test-suite type="TestSuite" id="2213" name="AbstractFactory" fullname="Zenject.Tests.AbstractFactory" runstate="Runnable" testcasecount="1" result="Passed" start-time="2026-05-10 13:36:58Z" end-time="2026-05-10 13:36:58Z" duration="0.025943" total="1" passed="1" failed="0" inconclusive="0" skipped="0" asserts="0">
            <properties />
            <test-suite type="TestFixture" id="1821" name="TestFactory" fullname="Zenject.Tests.AbstractFactory.TestFactory" classname="Zenject.Tests.AbstractFactory.TestFactory" runstate="Runnable" testcasecount="1" result="Passed" start-time="2026-05-10 13:36:58Z" end-time="2026-05-10 13:36:58Z" duration="0.025738" total="1" passed="1" failed="0" inconclusive="0" skipped="0" asserts="0">
              <properties />
              <test-case id="1822" name="TestToSelf" fullname="Zenject.Tests.AbstractFactory.TestFactory.TestToSelf" methodname="TestToSelf" classname="Zenject.Tests.AbstractFactory.TestFactory" runstate="Runnable" seed="518009971" result="Passed" start-time="2026-05-10 13:36:58Z" end-time="2026-05-10 13:36:58Z" duration="0.025098" asserts="0">
                <properties />
              </test-case>
            </test-suite>
          </test-suite>
          <test-suite type="TestSuite" id="2220" name="BindFeatures" fullname="Zenject.Tests.BindFeatures" runstate="Runnable" testcasecount="17" result="Passed" start-time="2026-05-10 13:36:58Z" end-time="2026-05-10 13:36:58Z" duration="0.021310" total="17" passed="17" failed="0" inconclusive="0" skipped="0" asserts="0">
            <properties />
            <test-suite type="TestFixture" id="2116" name="TestConcreteIdentifier" fullname="Zenject.Tests.BindFeatures.TestConcreteIdentifier" classname="Zenject.Tests.BindFeatures.TestConcreteIdentifier" runstate="Runnable" testcasecount="1" result="Passed" start-time="2026-05-10 13:36:58Z" end-time="2026-05-10 13:36:58Z" duration="0.005250" total="1" passed="1" failed="0" inconclusive="0" skipped="0" asserts="0">
              <properties />
              <test-case id="2117" name="Test1" fullname="Zenject.Tests.BindFeatures.TestConcreteIdentifier.Test1" methodname="Test1" classname="Zenject.Tests.BindFeatures.TestConcreteIdentifier" runstate="Runnable" seed="335592651" result="Passed" start-time="2026-05-10 13:36:58Z" end-time="2026-05-10 13:36:58Z" duration="0.004846" asserts="0">
                <properties />
              </test-case>
            </test-suite>
            <test-suite type="TestFixture" id="2118" name="TestIfNotBound" fullname="Zenject.Tests.BindFeatures.TestIfNotBound" classname="Zenject.Tests.BindFeatures.TestIfNotBound" runstate="Runnable" testcasecount="2" result="Passed" start-time="2026-05-10 13:36:58Z" end-time="2026-05-10 13:36:58Z" duration="0.001760" total="2" passed="2" failed="0" inconclusive="0" skipped="0" asserts="0">
              <properties />
              <test-case id="2119" name="Test1" fullname="Zenject.Tests.BindFeatures.TestIfNotBound.Test1" methodname="Test1" classname="Zenject.Tests.BindFeatures.TestIfNotBound" runstate="Runnable" seed="1423208711" result="Passed" start-time="2026-05-10 13:36:58Z" end-time="2026-05-10 13:36:58Z" duration="0.000609" asserts="0">
                <properties />
              </test-case>
              <test-case id="2120" name="Test2" fullname="Zenject.Tests.BindFeatures.TestIfNotBound.Test2" methodname="Test2" classname="Zenject.Tests.BindFeatures.TestIfNotBound" runstate="Runnable" seed="423295396" result="Passed" start-time="2026-05-10 13:36:58Z" end-time="2026-05-10 13:36:58Z" duration="0.000570" asserts="0">
                <properties />
              </test-case>
            </test-suite>
            <test-suite type="TestFixture" id="2121" name="TestMultipleContractTypes" fullname="Zenject.Tests.BindFeatures.TestMultipleContractTypes" classname="Zenject.Tests.BindFeatures.TestMultipleContractTypes" runstate="Runnable" testcasecount="2" result="Passed" start-time="2026-05-10 13:36:58Z" end-time="2026-05-10 13:36:58Z" duration="0.002568" total="2" passed="2" failed="0" inconclusive="0" skipped="0" asserts="0">
              <properties />
              <test-case id="2122" name="TestMultiBind1" fullname="Zenject.Tests.BindFeatures.TestMultipleContractTypes.TestMultiBind1" methodname="TestMultiBind1" classname="Zenject.Tests.BindFeatures.TestMultipleContractTypes" runstate="Runnable" seed="1716884561" result="Passed" start-time="2026-05-10 13:36:58Z" end-time="2026-05-10 13:36:58Z" duration="0.000897" asserts="0">
                <properties />
              </test-case>
              <test-case id="2123" name="TestMultiBindListInjection" fullname="Zenject.Tests.BindFeatures.TestMultipleContractTypes.TestMultiBindListInjection" methodname="TestMultiBindListInjection" classname="Zenject.Tests.BindFeatures.TestMultipleContractTypes" runstate="Runnable" seed="153994538" result="Passed" start-time="2026-05-10 13:36:58Z" end-time="2026-05-10 13:36:58Z" duration="0.001125" asserts="0">
                <properties />
              </test-case>
            </test-suite>
            <test-suite type="TestFixture" id="2124" name="TestMultipleContractTypes2" fullname="Zenject.Tests.BindFeatures.TestMultipleContractTypes2" classname="Zenject.Tests.BindFeatures.TestMultipleContractTypes2" runstate="Runnable" testcasecount="6" result="Passed" start-time="2026-05-10 13:36:58Z" end-time="2026-05-10 13:36:58Z" duration="0.004073" total="6" passed="6" failed="0" inconclusive="0" skipped="0" asserts="0">
              <properties />
              <test-case id="2125" name="Test1" fullname="Zenject.Tests.BindFeatures.TestMultipleContractTypes2.Test1" methodname="Test1" classname="Zenject.Tests.BindFeatures.TestMultipleContractTypes2" runstate="Runnable" seed="92700939" result="Passed" start-time="2026-05-10 13:36:58Z" end-time="2026-05-10 13:36:58Z" duration="0.000745" asserts="0">
                <properties />
              </test-case>
              <test-case id="2128" name="TestAllInterfaces" fullname="Zenject.Tests.BindFeatures.TestMultipleContractTypes2.TestAllInterfaces" methodname="TestAllInterfaces" classname="Zenject.Tests.BindFeatures.TestMultipleContractTypes2" runstate="Runnable" seed="1435579142" result="Passed" start-time="2026-05-10 13:36:58Z" end-time="2026-05-10 13:36:58Z" duration="0.000842" asserts="0">
                <properties />
              </test-case>
              <test-case id="2129" name="TestAllInterfacesAndSelf" fullname="Zenject.Tests.BindFeatures.TestMultipleContractTypes2.TestAllInterfacesAndSelf" methodname="TestAllInterfacesAndSelf" classname="Zenject.Tests.BindFeatures.TestMultipleContractTypes2" runstate="Runnable" seed="1707323720" result="Passed" start-time="2026-05-10 13:36:58Z" end-time="2026-05-10 13:36:58Z" duration="0.000375" asserts="0">
                <properties />
              </test-case>
              <test-case id="2130" name="TestAllInterfacesAndSelfMistake" fullname="Zenject.Tests.BindFeatures.TestMultipleContractTypes2.TestAllInterfacesAndSelfMistake" methodname="TestAllInterfacesAndSelfMistake" classname="Zenject.Tests.BindFeatures.TestMultipleContractTypes2" runstate="Runnable" seed="1346733099" result="Passed" start-time="2026-05-10 13:36:58Z" end-time="2026-05-10 13:36:58Z" duration="0.000482" asserts="0">
                <properties />
              </test-case>
              <test-case id="2127" name="TestAllInterfacesMistake" fullname="Zenject.Tests.BindFeatures.TestMultipleContractTypes2.TestAllInterfacesMistake" methodname="TestAllInterfacesMistake" classname="Zenject.Tests.BindFeatures.TestMultipleContractTypes2" runstate="Runnable" seed="4307913" result="Passed" start-time="2026-05-10 13:36:58Z" end-time="2026-05-10 13:36:58Z" duration="0.000273" asserts="0">
                <properties />
              </test-case>
              <test-case id="2126" name="TestInterfaces" fullname="Zenject.Tests.BindFeatures.TestMultipleContractTypes2.TestInterfaces" methodname="TestInterfaces" classname="Zenject.Tests.BindFeatures.TestMultipleContractTypes2" runstate="Runnable" seed="1808211286" result="Passed" start-time="2026-05-10 13:36:58Z" end-time="2026-05-10 13:36:58Z" duration="0.000286" asserts="0">
                <properties />
              </test-case>
            </test-suite>
            <test-suite type="TestFixture" id="2131" name="TestMultipleContractTypes3" fullname="Zenject.Tests.BindFeatures.TestMultipleContractTypes3" classname="Zenject.Tests.BindFeatures.TestMultipleContractTypes3" runstate="Runnable" testcasecount="1" result="Passed" start-time="2026-05-10 13:36:58Z" end-time="2026-05-10 13:36:58Z" duration="0.001659" total="1" passed="1" failed="0" inconclusive="0" skipped="0" asserts="0">
              <properties />
              <test-case id="2132" name="TestMultiBind2" fullname="Zenject.Tests.BindFeatures.TestMultipleContractTypes3.TestMultiBind2" methodname="TestMultiBind2" classname="Zenject.Tests.BindFeatures.TestMultipleContractTypes3" runstate="Runnable" seed="2053863025" result="Passed" start-time="2026-05-10 13:36:58Z" end-time="2026-05-10 13:36:58Z" duration="0.001244" asserts="0">
                <properties />
              </test-case>
            </test-suite>
            <test-suite type="TestFixture" id="2133" name="TestRebind" fullname="Zenject.Tests.BindFeatures.TestRebind" classname="Zenject.Tests.BindFeatures.TestRebind" runstate="Runnable" testcasecount="1" result="Passed" start-time="2026-05-10 13:36:58Z" end-time="2026-05-10 13:36:58Z" duration="0.001278" total="1" passed="1" failed="0" inconclusive="0" skipped="0" asserts="0">
              <properties />
              <test-case id="2134" name="Run" fullname="Zenject.Tests.BindFeatures.TestRebind.Run" methodname="Run" classname="Zenject.Tests.BindFeatures.TestRebind" runstate="Runnable" seed="298626096" result="Passed" start-time="2026-05-10 13:36:58Z" end-time="2026-05-10 13:36:58Z" duration="0.000873" asserts="0">
                <properties />
              </test-case>
            </test-suite>
            <test-suite type="TestFixture" id="2135" name="TestUnbind" fullname="Zenject.Tests.BindFeatures.TestUnbind" classname="Zenject.Tests.BindFeatures.TestUnbind" runstate="Runnable" testcasecount="2" result="Passed" start-time="2026-05-10 13:36:58Z" end-time="2026-05-10 13:36:58Z" duration="0.001850" total="2" passed="2" failed="0" inconclusive="0" skipped="0" asserts="0">
              <properties />
              <test-case id="2136" name="Run" fullname="Zenject.Tests.BindFeatures.TestUnbind.Run" methodname="Run" classname="Zenject.Tests.BindFeatures.TestUnbind" runstate="Runnable" seed="948319707" result="Passed" start-time="2026-05-10 13:36:58Z" end-time="2026-05-10 13:36:58Z" duration="0.000417" asserts="0">
                <properties />
              </test-case>
              <test-case id="2137" name="TestUnbindInterfaces" fullname="Zenject.Tests.BindFeatures.TestUnbind.TestUnbindInterfaces" methodname="TestUnbindInterfaces" classname="Zenject.Tests.BindFeatures.TestUnbind" runstate="Runnable" seed="821913321" result="Passed" start-time="2026-05-10 13:36:58Z" end-time="2026-05-10 13:36:58Z" duration="0.000876" asserts="0">
                <properties />
              </test-case>
            </test-suite>
            <test-suite type="TestFixture" id="2138" name="TestWithArguments" fullname="Zenject.Tests.BindFeatures.TestWithArguments" classname="Zenject.Tests.BindFeatures.TestWithArguments" runstate="Runnable" testcasecount="2" result="Passed" start-time="2026-05-10 13:36:58Z" end-time="2026-05-10 13:36:58Z" duration="0.001744" total="2" passed="2" failed="0" inconclusive="0" skipped="0" asserts="0">
              <properties />
              <test-case id="2139" name="Test1" fullname="Zenject.Tests.BindFeatures.TestWithArguments.Test1" methodname="Test1" classname="Zenject.Tests.BindFeatures.TestWithArguments" runstate="Runnable" seed="1971217407" result="Passed" start-time="2026-05-10 13:36:58Z" end-time="2026-05-10 13:36:58Z" duration="0.000769" asserts="0">
                <properties />
              </test-case>
              <test-case id="2140" name="TestNullValues" fullname="Zenject.Tests.BindFeatures.TestWithArguments.TestNullValues" methodname="TestNullValues" classname="Zenject.Tests.BindFeatures.TestWithArguments" runstate="Runnable" seed="86976911" result="Passed" start-time="2026-05-10 13:36:58Z" end-time="2026-05-10 13:36:58Z" duration="0.000356" asserts="0">
                <properties />
              </test-case>
            </test-suite>
          </test-suite>
          <test-suite type="TestSuite" id="2218" name="Bindings" fullname="Zenject.Tests.Bindings" runstate="Runnable" testcasecount="193" result="Passed" start-time="2026-05-10 13:36:58Z" end-time="2026-05-10 13:36:58Z" duration="0.178616" total="193" passed="193" failed="0" inconclusive="0" skipped="0" asserts="0">
            <properties />
            <test-suite type="TestSuite" id="2219" name="Singletons" fullname="Zenject.Tests.Bindings.Singletons" runstate="Runnable" testcasecount="11" result="Passed" start-time="2026-05-10 13:36:58Z" end-time="2026-05-10 13:36:58Z" duration="0.009438" total="11" passed="11" failed="0" inconclusive="0" skipped="0" asserts="0">
              <properties />
              <test-suite type="TestFixture" id="2103" name="TestAsSingle" fullname="Zenject.Tests.Bindings.Singletons.TestAsSingle" classname="Zenject.Tests.Bindings.Singletons.TestAsSingle" runstate="Runnable" testcasecount="7" result="Passed" start-time="2026-05-10 13:36:58Z" end-time="2026-05-10 13:36:58Z" duration="0.006130" total="7" passed="7" failed="0" inconclusive="0" skipped="0" asserts="0">
                <properties />
                <test-case id="2106" name="TestAsSingleAndResolveNoThrow" fullname="Zenject.Tests.Bindings.Singletons.TestAsSingle.TestAsSingleAndResolveNoThrow" methodname="TestAsSingleAndResolveNoThrow" classname="Zenject.Tests.Bindings.Singletons.TestAsSingle" runstate="Runnable" seed="1680254353" result="Passed" start-time="2026-05-10 13:36:58Z" end-time="2026-05-10 13:36:58Z" duration="0.000797" asserts="0">
                  <properties />
                </test-case>
                <test-case id="2105" name="TestAsSingleAndTransientThrows" fullname="Zenject.Tests.Bindings.Singletons.TestAsSingle.TestAsSingleAndTransientThrows" methodname="TestAsSingleAndTransientThrows" classname="Zenject.Tests.Bindings.Singletons.TestAsSingle" runstate="Runnable" seed="168813086" result="Passed" start-time="2026-05-10 13:36:58Z" end-time="2026-05-10 13:36:58Z" duration="0.000301" asserts="0">
                  <properties />
                </test-case>
                <test-case id="2104" name="TestAsSingleThrows" fullname="Zenject.Tests.Bindings.Singletons.TestAsSingle.TestAsSingleThrows" methodname="TestAsSingleThrows" classname="Zenject.Tests.Bindings.Singletons.TestAsSingle" runstate="Runnable" seed="364854975" result="Passed" start-time="2026-05-10 13:36:58Z" end-time="2026-05-10 13:36:58Z" duration="0.000327" asserts="0">
                  <properties />
                </test-case>
                <test-case id="2110" name="TestToSingleFactory" fullname="Zenject.Tests.Bindings.Singletons.TestAsSingle.TestToSingleFactory" methodname="TestToSingleFactory" classname="Zenject.Tests.Bindings.Singletons.TestAsSingle" runstate="Runnable" seed="1305055580" result="Passed" start-time="2026-05-10 13:36:58Z" end-time="2026-05-10 13:36:58Z" duration="0.002041" asserts="0">
                  <properties />
                </test-case>
                <test-case id="2109" name="TestToSingleInstance" fullname="Zenject.Tests.Bindings.Singletons.TestAsSingle.TestToSingleInstance" methodname="TestToSingleInstance" classname="Zenject.Tests.Bindings.Singletons.TestAsSingle" runstate="Runnable" seed="835917615" result="Passed" start-time="2026-05-10 13:36:58Z" end-time="2026-05-10 13:36:58Z" duration="0.000500" asserts="0">
                  <properties />
                </test-case>
                <test-case id="2108" name="TestToSingleMethod" fullname="Zenject.Tests.Bindings.Singletons.TestAsSingle.TestToSingleMethod" methodname="TestToSingleMethod" classname="Zenject.Tests.Bindings.Singletons.TestAsSingle" runstate="Runnable" seed="1651842940" result="Passed" start-time="2026-05-10 13:36:58Z" end-time="2026-05-10 13:36:58Z" duration="0.000490" asserts="0">
                  <properties />
                </test-case>
                <test-case id="2107" name="TestToSingleMethod1" fullname="Zenject.Tests.Bindings.Singletons.TestAsSingle.TestToSingleMethod1" methodname="TestToSingleMethod1" classname="Zenject.Tests.Bindings.Singletons.TestAsSingle" runstate="Runnable" seed="859265509" result="Passed" start-time="2026-05-10 13:36:58Z" end-time="2026-05-10 13:36:58Z" duration="0.000500" asserts="0">
                  <properties />
                </test-case>
              </test-suite>
              <test-suite type="TestFixture" id="2111" name="TestLazy" fullname="Zenject.Tests.Bindings.Singletons.TestLazy" classname="Zenject.Tests.Bindings.Singletons.TestLazy" runstate="Runnable" testcasecount="4" result="Passed" start-time="2026-05-10 13:36:58Z" end-time="2026-05-10 13:36:58Z" duration="0.002957" total="4" passed="4" failed="0" inconclusive="0" skipped="0" asserts="0">
                <properties />
                <test-case id="2112" name="Test1" fullname="Zenject.Tests.Bindings.Singletons.TestLazy.Test1" methodname="Test1" classname="Zenject.Tests.Bindings.Singletons.TestLazy" runstate="Runnable" seed="1997189972" result="Passed" start-time="2026-05-10 13:36:58Z" end-time="2026-05-10 13:36:58Z" duration="0.000981" asserts="0">
                  <properties />
                </test-case>
                <test-case id="2113" name="TestOptional1" fullname="Zenject.Tests.Bindings.Singletons.TestLazy.TestOptional1" methodname="TestOptional1" classname="Zenject.Tests.Bindings.Singletons.TestLazy" runstate="Runnable" seed="1105608722" result="Passed" start-time="2026-05-10 13:36:58Z" end-time="2026-05-10 13:36:58Z" duration="0.000484" asserts="0">
                  <properties />
                </test-case>
                <test-case id="2114" name="TestOptional2" fullname="Zenject.Tests.Bindings.Singletons.TestLazy.TestOptional2" methodname="TestOptional2" classname="Zenject.Tests.Bindings.Singletons.TestLazy" runstate="Runnable" seed="1563795960" result="Passed" start-time="2026-05-10 13:36:58Z" end-time="2026-05-10 13:36:58Z" duration="0.000267" asserts="0">
                  <properties />
                </test-case>
                <test-case id="2115" name="TestOptional3" fullname="Zenject.Tests.Bindings.Singletons.TestLazy.TestOptional3" methodname="TestOptional3" classname="Zenject.Tests.Bindings.Singletons.TestLazy" runstate="Runnable" seed="2007011701" result="Passed" start-time="2026-05-10 13:36:58Z" end-time="2026-05-10 13:36:58Z" duration="0.000430" asserts="0">
                  <properties />
                </test-case>
              </test-suite>
            </test-suite>
            <test-suite type="TestFixture" id="2021" name="TestFactoryFrom0" fullname="Zenject.Tests.Bindings.TestFactoryFrom0" classname="Zenject.Tests.Bindings.TestFactoryFrom0" runstate="Runnable" testcasecount="7" result="Passed" start-time="2026-05-10 13:36:58Z" end-time="2026-05-10 13:36:58Z" duration="0.003904" total="7" passed="7" failed="0" inconclusive="0" skipped="0" asserts="0">
              <properties />
              <test-case id="2027" name="TestConcrete" fullname="Zenject.Tests.Bindings.TestFactoryFrom0.TestConcrete" methodname="TestConcrete" classname="Zenject.Tests.Bindings.TestFactoryFrom0" runstate="Runnable" seed="1788044264" result="Passed" start-time="2026-05-10 13:36:58Z" end-time="2026-05-10 13:36:58Z" duration="0.000711" asserts="0">
                <properties />
              </test-case>
              <test-case id="2028" name="TestConcreteUntyped" fullname="Zenject.Tests.Bindings.TestFactoryFrom0.TestConcreteUntyped" methodname="TestConcreteUntyped" classname="Zenject.Tests.Bindings.TestFactoryFrom0" runstate="Runnable" seed="1732891329" result="Passed" start-time="2026-05-10 13:36:58Z" end-time="2026-05-10 13:36:58Z" duration="0.000370" asserts="0">
                <properties />
              </test-case>
              <test-case id="2025" name="TestFactoryScopeDefault" fullname="Zenject.Tests.Bindings.TestFactoryFrom0.TestFactoryScopeDefault" methodname="TestFactoryScopeDefault" classname="Zenject.Tests.Bindings.TestFactoryFrom0" runstate="Runnable" seed="1867966404" result="Passed" start-time="2026-05-10 13:36:58Z" end-time="2026-05-10 13:36:58Z" duration="0.000462" asserts="0">
                <properties />
              </test-case>
              <test-case id="2026" name="TestFactoryScopeTransient" fullname="Zenject.Tests.Bindings.TestFactoryFrom0.TestFactoryScopeTransient" methodname="TestFactoryScopeTransient" classname="Zenject.Tests.Bindings.TestFactoryFrom0" runstate="Runnable" seed="342587878" result="Passed" start-time="2026-05-10 13:36:58Z" end-time="2026-05-10 13:36:58Z" duration="0.000349" asserts="0">
                <properties />
              </test-case>
              <test-case id="2022" name="TestSelf1" fullname="Zenject.Tests.Bindings.TestFactoryFrom0.TestSelf1" methodname="TestSelf1" classname="Zenject.Tests.Bindings.TestFactoryFrom0" runstate="Runnable" seed="1621953739" result="Passed" start-time="2026-05-10 13:36:58Z" end-time="2026-05-10 13:36:58Z" duration="0.000261" asserts="0">
                <properties />
              </test-case>
              <test-case id="2023" name="TestSelf2" fullname="Zenject.Tests.Bindings.TestFactoryFrom0.TestSelf2" methodname="TestSelf2" classname="Zenject.Tests.Bindings.TestFactoryFrom0" runstate="Runnable" seed="257106020" result="Passed" start-time="2026-05-10 13:36:58Z" end-time="2026-05-10 13:36:58Z" duration="0.000249" asserts="0">
                <properties />
              </test-case>
              <test-case id="2024" name="TestSelf3" fullname="Zenject.Tests.Bindings.TestFactoryFrom0.TestSelf3" methodname="TestSelf3" classname="Zenject.Tests.Bindings.TestFactoryFrom0" runstate="Runnable" seed="1777949056" result="Passed" start-time="2026-05-10 13:36:58Z" end-time="2026-05-10 13:36:58Z" duration="0.000321" asserts="0">
                <properties />
              </test-case>
            </test-suite>
            <test-suite type="TestFixture" id="2029" name="TestFactoryFrom1" fullname="Zenject.Tests.Bindings.TestFactoryFrom1" classname="Zenject.Tests.Bindings.TestFactoryFrom1" runstate="Runnable" testcasecount="2" result="Passed" start-time="2026-05-10 13:36:58Z" end-time="2026-05-10 13:36:58Z" duration="0.002091" total="2" passed="2" failed="0" inconclusive="0" skipped="0" asserts="0">
              <properties />
              <test-case id="2031" name="TestConcrete" fullname="Zenject.Tests.Bindings.TestFactoryFrom1.TestConcrete" methodname="TestConcrete" classname="Zenject.Tests.Bindings.TestFactoryFrom1" runstate="Runnable" seed="1698289025" result="Passed" start-time="2026-05-10 13:36:58Z" end-time="2026-05-10 13:36:58Z" duration="0.001113" asserts="0">
                <properties />
              </test-case>
              <test-case id="2030" name="TestSelf" fullname="Zenject.Tests.Bindings.TestFactoryFrom1.TestSelf" methodname="TestSelf" classname="Zenject.Tests.Bindings.TestFactoryFrom1" runstate="Runnable" seed="866755675" result="Passed" start-time="2026-05-10 13:36:58Z" end-time="2026-05-10 13:36:58Z" duration="0.000453" asserts="0">
                <properties />
              </test-case>
            </test-suite>
            <test-suite type="TestFixture" id="2032" name="TestFactoryFrom5" fullname="Zenject.Tests.Bindings.TestFactoryFrom5" classname="Zenject.Tests.Bindings.TestFactoryFrom5" runstate="Runnable" testcasecount="3" result="Passed" start-time="2026-05-10 13:36:58Z" end-time="2026-05-10 13:36:58Z" duration="0.002912" total="3" passed="3" failed="0" inconclusive="0" skipped="0" asserts="0">
              <properties />
              <test-case id="2035" name="TestConcrete" fullname="Zenject.Tests.Bindings.TestFactoryFrom5.TestConcrete" methodname="TestConcrete" classname="Zenject.Tests.Bindings.TestFactoryFrom5" runstate="Runnable" seed="1642245606" result="Passed" start-time="2026-05-10 13:36:58Z" end-time="2026-05-10 13:36:58Z" duration="0.001310" asserts="0">
                <properties />
              </test-case>
              <test-case id="2033" name="TestSelf1" fullname="Zenject.Tests.Bindings.TestFactoryFrom5.TestSelf1" methodname="TestSelf1" classname="Zenject.Tests.Bindings.TestFactoryFrom5" runstate="Runnable" seed="467744642" result="Passed" start-time="2026-05-10 13:36:58Z" end-time="2026-05-10 13:36:58Z" duration="0.000707" asserts="0">
                <properties />
              </test-case>
              <test-case id="2034" name="TestSelf2" fullname="Zenject.Tests.Bindings.TestFactoryFrom5.TestSelf2" methodname="TestSelf2" classname="Zenject.Tests.Bindings.TestFactoryFrom5" runstate="Runnable" seed="16608279" result="Passed" start-time="2026-05-10 13:36:58Z" end-time="2026-05-10 13:36:58Z" duration="0.000249" asserts="0">
                <properties />
              </test-case>
            </test-suite>
            <test-suite type="TestFixture" id="2036" name="TestFactoryFromFactory0" fullname="Zenject.Tests.Bindings.TestFactoryFromFactory0" classname="Zenject.Tests.Bindings.TestFactoryFromFactory0" runstate="Runnable" testcasecount="3" result="Passed" start-time="2026-05-10 13:36:58Z" end-time="2026-05-10 13:36:58Z" duration="0.003348" total="3" passed="3" failed="0" inconclusive="0" skipped="0" asserts="0">
              <properties />
              <test-case id="2038" name="TestConcrete" fullname="Zenject.Tests.Bindings.TestFactoryFromFactory0.TestConcrete" methodname="TestConcrete" classname="Zenject.Tests.Bindings.TestFactoryFromFactory0" runstate="Runnable" seed="25255989" result="Passed" start-time="2026-05-10 13:36:58Z" end-time="2026-05-10 13:36:58Z" duration="0.001637" asserts="0">
                <properties />
              </test-case>
              <test-case id="2039" name="TestFactoryValidation" fullname="Zenject.Tests.Bindings.TestFactoryFromFactory0.TestFactoryValidation" methodname="TestFactoryValidation" classname="Zenject.Tests.Bindings.TestFactoryFromFactory0" runstate="Runnable" seed="1511332121" result="Passed" start-time="2026-05-10 13:36:58Z" end-time="2026-05-10 13:36:58Z" duration="0.000431" asserts="0">
                <properties />
              </test-case>
              <test-case id="2037" name="TestSelf" fullname="Zenject.Tests.Bindings.TestFactoryFromFactory0.TestSelf" methodname="TestSelf" classname="Zenject.Tests.Bindings.TestFactoryFromFactory0" runstate="Runnable" seed="2128636983" result="Passed" start-time="2026-05-10 13:36:58Z" end-time="2026-05-10 13:36:58Z" duration="0.000570" asserts="0">
                <properties />
              </test-case>
            </test-suite>
            <test-suite type="TestFixture" id="2040" name="TestFactoryFromFactory1" fullname="Zenject.Tests.Bindings.TestFactoryFromFactory1" classname="Zenject.Tests.Bindings.TestFactoryFromFactory1" runstate="Runnable" testcasecount="2" result="Passed" start-time="2026-05-10 13:36:58Z" end-time="2026-05-10 13:36:58Z" duration="0.002366" total="2" passed="2" failed="0" inconclusive="0" skipped="0" asserts="0">
              <properties />
              <test-case id="2042" name="TestConcrete" fullname="Zenject.Tests.Bindings.TestFactoryFromFactory1.TestConcrete" methodname="TestConcrete" classname="Zenject.Tests.Bindings.TestFactoryFromFactory1" runstate="Runnable" seed="2131262916" result="Passed" start-time="2026-05-10 13:36:58Z" end-time="2026-05-10 13:36:58Z" duration="0.001256" asserts="0">
                <properties />
              </test-case>
              <test-case id="2041" name="TestSelf" fullname="Zenject.Tests.Bindings.TestFactoryFromFactory1.TestSelf" methodname="TestSelf" classname="Zenject.Tests.Bindings.TestFactoryFromFactory1" runstate="Runnable" seed="1329144987" result="Passed" start-time="2026-05-10 13:36:58Z" end-time="2026-05-10 13:36:58Z" duration="0.000556" asserts="0">
                <properties />
              </test-case>
            </test-suite>
            <test-suite type="TestFixture" id="2043" name="TestFactoryFromGetter0" fullname="Zenject.Tests.Bindings.TestFactoryFromGetter0" classname="Zenject.Tests.Bindings.TestFactoryFromGetter0" runstate="Runnable" testcasecount="1" result="Passed" start-time="2026-05-10 13:36:58Z" end-time="2026-05-10 13:36:58Z" duration="0.001847" total="1" passed="1" failed="0" inconclusive="0" skipped="0" asserts="0">
              <properties />
              <test-case id="2044" name="TestSelf" fullname="Zenject.Tests.Bindings.TestFactoryFromGetter0.TestSelf" methodname="TestSelf" classname="Zenject.Tests.Bindings.TestFactoryFromGetter0" runstate="Runnable" seed="440065755" result="Passed" start-time="2026-05-10 13:36:58Z" end-time="2026-05-10 13:36:58Z" duration="0.001441" asserts="0">
                <properties />
              </test-case>
            </test-suite>
            <test-suite type="TestFixture" id="2045" name="TestFactoryFromInstance0" fullname="Zenject.Tests.Bindings.TestFactoryFromInstance0" classname="Zenject.Tests.Bindings.TestFactoryFromInstance0" runstate="Runnable" testcasecount="2" result="Passed" start-time="2026-05-10 13:36:58Z" end-time="2026-05-10 13:36:58Z" duration="0.001779" total="2" passed="2" failed="0" inconclusive="0" skipped="0" asserts="0">
              <properties />
              <test-case id="2047" name="TestConcrete" fullname="Zenject.Tests.Bindings.TestFactoryFromInstance0.TestConcrete" methodname="TestConcrete" classname="Zenject.Tests.Bindings.TestFactoryFromInstance0" runstate="Runnable" seed="728254453" result="Passed" start-time="2026-05-10 13:36:58Z" end-time="2026-05-10 13:36:58Z" duration="0.000806" asserts="0">
                <properties />
              </test-case>
              <test-case id="2046" name="TestSelf" fullname="Zenject.Tests.Bindings.TestFactoryFromInstance0.TestSelf" methodname="TestSelf" classname="Zenject.Tests.Bindings.TestFactoryFromInstance0" runstate="Runnable" seed="406833956" result="Passed" start-time="2026-05-10 13:36:58Z" end-time="2026-05-10 13:36:58Z" duration="0.000439" asserts="0">
                <properties />
              </test-case>
            </test-suite>
            <test-suite type="TestFixture" id="2048" name="TestFactoryFromMethod0" fullname="Zenject.Tests.Bindings.TestFactoryFromMethod0" classname="Zenject.Tests.Bindings.TestFactoryFromMethod0" runstate="Runnable" testcasecount="2" result="Passed" start-time="2026-05-10 13:36:58Z" end-time="2026-05-10 13:36:58Z" duration="0.002061" total="2" passed="2" failed="0" inconclusive="0" skipped="0" asserts="0">
              <properties />
              <test-case id="2050" name="TestConcrete" fullname="Zenject.Tests.Bindings.TestFactoryFromMethod0.TestConcrete" methodname="TestConcrete" classname="Zenject.Tests.Bindings.TestFactoryFromMethod0" runstate="Runnable" seed="1124948431" result="Passed" start-time="2026-05-10 13:36:58Z" end-time="2026-05-10 13:36:58Z" duration="0.000807" asserts="0">
                <properties />
              </test-case>
              <test-case id="2049" name="TestSelf" fullname="Zenject.Tests.Bindings.TestFactoryFromMethod0.TestSelf" methodname="TestSelf" classname="Zenject.Tests.Bindings.TestFactoryFromMethod0" runstate="Runnable" seed="746954344" result="Passed" start-time="2026-05-10 13:36:58Z" end-time="2026-05-10 13:36:58Z" duration="0.000733" asserts="0">
                <properties />
              </test-case>
            </test-suite>
            <test-suite type="TestFixture" id="2051" name="TestFactoryFromMethod1" fullname="Zenject.Tests.Bindings.TestFactoryFromMethod1" classname="Zenject.Tests.Bindings.TestFactoryFromMethod1" runstate="Runnable" testcasecount="2" result="Passed" start-time="2026-05-10 13:36:58Z" end-time="2026-05-10 13:36:58Z" duration="0.002000" total="2" passed="2" failed="0" inconclusive="0" skipped="0" asserts="0">
              <properties />
              <test-case id="2053" name="TestConcrete" fullname="Zenject.Tests.Bindings.TestFactoryFromMethod1.TestConcrete" methodname="TestConcrete" classname="Zenject.Tests.Bindings.TestFactoryFromMethod1" runstate="Runnable" seed="1647181434" result="Passed" start-time="2026-05-10 13:36:58Z" end-time="2026-05-10 13:36:58Z" duration="0.000973" asserts="0">
                <properties />
              </test-case>
              <test-case id="2052" name="TestSelf" fullname="Zenject.Tests.Bindings.TestFactoryFromMethod1.TestSelf" methodname="TestSelf" classname="Zenject.Tests.Bindings.TestFactoryFromMethod1" runstate="Runnable" seed="1296470576" result="Passed" start-time="2026-05-10 13:36:58Z" end-time="2026-05-10 13:36:58Z" duration="0.000503" asserts="0">
                <properties />
              </test-case>
            </test-suite>
            <test-suite type="TestFixture" id="2054" name="TestFactoryFromResolve0" fullname="Zenject.Tests.Bindings.TestFactoryFromResolve0" classname="Zenject.Tests.Bindings.TestFactoryFromResolve0" runstate="Runnable" testcasecount="4" result="Passed" start-time="2026-05-10 13:36:58Z" end-time="2026-05-10 13:36:58Z" duration="0.002889" total="4" passed="4" failed="0" inconclusive="0" skipped="0" asserts="0">
              <properties />
              <test-case id="2056" name="TestConcrete" fullname="Zenject.Tests.Bindings.TestFactoryFromResolve0.TestConcrete" methodname="TestConcrete" classname="Zenject.Tests.Bindings.TestFactoryFromResolve0" runstate="Runnable" seed="1114358341" result="Passed" start-time="2026-05-10 13:36:58Z" end-time="2026-05-10 13:36:58Z" duration="0.000639" asserts="0">
                <properties />
              </test-case>
              <test-case id="2058" name="TestConcreteIdentifier" fullname="Zenject.Tests.Bindings.TestFactoryFromResolve0.TestConcreteIdentifier" methodname="TestConcreteIdentifier" classname="Zenject.Tests.Bindings.TestFactoryFromResolve0" runstate="Runnable" seed="614291750" result="Passed" start-time="2026-05-10 13:36:58Z" end-time="2026-05-10 13:36:58Z" duration="0.000650" asserts="0">
                <properties />
              </test-case>
              <test-case id="2055" name="TestSelf" fullname="Zenject.Tests.Bindings.TestFactoryFromResolve0.TestSelf" methodname="TestSelf" classname="Zenject.Tests.Bindings.TestFactoryFromResolve0" runstate="Runnable" seed="1348777200" result="Passed" start-time="2026-05-10 13:36:58Z" end-time="2026-05-10 13:36:58Z" duration="0.000474" asserts="0">
                <properties />
              </test-case>
              <test-case id="2057" name="TestSelfIdentifier" fullname="Zenject.Tests.Bindings.TestFactoryFromResolve0.TestSelfIdentifier" methodname="TestSelfIdentifier" classname="Zenject.Tests.Bindings.TestFactoryFromResolve0" runstate="Runnable" seed="1591632008" result="Passed" start-time="2026-05-10 13:36:58Z" end-time="2026-05-10 13:36:58Z" duration="0.000284" asserts="0">
                <properties />
              </test-case>
            </test-suite>
            <test-suite type="TestFixture" id="2059" name="TestFactoryFromSubContainerInstaller0" fullname="Zenject.Tests.Bindings.TestFactoryFromSubContainerInstaller0" classname="Zenject.Tests.Bindings.TestFactoryFromSubContainerInstaller0" runstate="Runnable" testcasecount="2" result="Passed" start-time="2026-05-10 13:36:58Z" end-time="2026-05-10 13:36:58Z" duration="0.003855" total="2" passed="2" failed="0" inconclusive="0" skipped="0" asserts="0">
              <properties />
              <test-case id="2061" name="TestConcrete" fullname="Zenject.Tests.Bindings.TestFactoryFromSubContainerInstaller0.TestConcrete" methodname="TestConcrete" classname="Zenject.Tests.Bindings.TestFactoryFromSubContainerInstaller0" runstate="Runnable" seed="856597082" result="Passed" start-time="2026-05-10 13:36:58Z" end-time="2026-05-10 13:36:58Z" duration="0.002777" asserts="0">
                <properties />
              </test-case>
              <test-case id="2060" name="TestSelf" fullname="Zenject.Tests.Bindings.TestFactoryFromSubContainerInstaller0.TestSelf" methodname="TestSelf" classname="Zenject.Tests.Bindings.TestFactoryFromSubContainerInstaller0" runstate="Runnable" seed="1133914926" result="Passed" start-time="2026-05-10 13:36:58Z" end-time="2026-05-10 13:36:58Z" duration="0.000503" asserts="0">
                <properties />
              </test-case>
            </test-suite>
            <test-suite type="TestFixture" id="2062" name="TestFactoryFromSubContainerInstaller1" fullname="Zenject.Tests.Bindings.TestFactoryFromSubContainerInstaller1" classname="Zenject.Tests.Bindings.TestFactoryFromSubContainerInstaller1" runstate="Runnable" testcasecount="2" result="Passed" start-time="2026-05-10 13:36:58Z" end-time="2026-05-10 13:36:58Z" duration="0.004295" total="2" passed="2" failed="0" inconclusive="0" skipped="0" asserts="0">
              <properties />
              <test-case id="2064" name="TestConcrete" fullname="Zenject.Tests.Bindings.TestFactoryFromSubContainerInstaller1.TestConcrete" methodname="TestConcrete" classname="Zenject.Tests.Bindings.TestFactoryFromSubContainerInstaller1" runstate="Runnable" seed="1763792102" result="Passed" start-time="2026-05-10 13:36:58Z" end-time="2026-05-10 13:36:58Z" duration="0.001234" asserts="0">
                <properties />
              </test-case>
              <test-case id="2063" name="TestSelf" fullname="Zenject.Tests.Bindings.TestFactoryFromSubContainerInstaller1.TestSelf" methodname="TestSelf" classname="Zenject.Tests.Bindings.TestFactoryFromSubContainerInstaller1" runstate="Runnable" seed="1718187433" result="Passed" start-time="2026-05-10 13:36:58Z" end-time="2026-05-10 13:36:58Z" duration="0.002465" asserts="0">
                <properties />
              </test-case>
            </test-suite>
            <test-suite type="TestFixture" id="2065" name="TestFactoryFromSubContainerMethod0" fullname="Zenject.Tests.Bindings.TestFactoryFromSubContainerMethod0" classname="Zenject.Tests.Bindings.TestFactoryFromSubContainerMethod0" runstate="Runnable" testcasecount="2" result="Passed" start-time="2026-05-10 13:36:58Z" end-time="2026-05-10 13:36:58Z" duration="0.002106" total="2" passed="2" failed="0" inconclusive="0" skipped="0" asserts="0">
              <properties />
              <test-case id="2067" name="TestConcrete" fullname="Zenject.Tests.Bindings.TestFactoryFromSubContainerMethod0.TestConcrete" methodname="TestConcrete" classname="Zenject.Tests.Bindings.TestFactoryFromSubContainerMethod0" runstate="Runnable" seed="352479867" result="Passed" start-time="2026-05-10 13:36:58Z" end-time="2026-05-10 13:36:58Z" duration="0.000995" asserts="0">
                <properties />
              </test-case>
              <test-case id="2066" name="TestSelf" fullname="Zenject.Tests.Bindings.TestFactoryFromSubContainerMethod0.TestSelf" methodname="TestSelf" classname="Zenject.Tests.Bindings.TestFactoryFromSubContainerMethod0" runstate="Runnable" seed="247696787" result="Passed" start-time="2026-05-10 13:36:58Z" end-time="2026-05-10 13:36:58Z" duration="0.000526" asserts="0">
                <properties />
              </test-case>
            </test-suite>
            <test-suite type="TestFixture" id="2068" name="TestFactoryFromSubContainerMethod1" fullname="Zenject.Tests.Bindings.TestFactoryFromSubContainerMethod1" classname="Zenject.Tests.Bindings.TestFactoryFromSubContainerMethod1" runstate="Runnable" testcasecount="2" result="Passed" start-time="2026-05-10 13:36:58Z" end-time="2026-05-10 13:36:58Z" duration="0.002350" total="2" passed="2" failed="0" inconclusive="0" skipped="0" asserts="0">
              <properties />
              <test-case id="2070" name="TestConcrete" fullname="Zenject.Tests.Bindings.TestFactoryFromSubContainerMethod1.TestConcrete" methodname="TestConcrete" classname="Zenject.Tests.Bindings.TestFactoryFromSubContainerMethod1" runstate="Runnable" seed="1173491658" result="Passed" start-time="2026-05-10 13:36:58Z" end-time="2026-05-10 13:36:58Z" duration="0.001240" asserts="0">
                <properties />
              </test-case>
              <test-case id="2069" name="TestSelf" fullname="Zenject.Tests.Bindings.TestFactoryFromSubContainerMethod1.TestSelf" methodname="TestSelf" classname="Zenject.Tests.Bindings.TestFactoryFromSubContainerMethod1" runstate="Runnable" seed="617652302" result="Passed" start-time="2026-05-10 13:36:58Z" end-time="2026-05-10 13:36:58Z" duration="0.000550" asserts="0">
                <properties />
              </test-case>
            </test-suite>
            <test-suite type="TestFixture" id="2071" name="TestFactoryWithArguments" fullname="Zenject.Tests.Bindings.TestFactoryWithArguments" classname="Zenject.Tests.Bindings.TestFactoryWithArguments" runstate="Runnable" testcasecount="2" result="Passed" start-time="2026-05-10 13:36:58Z" end-time="2026-05-10 13:36:58Z" duration="0.001953" total="2" passed="2" failed="0" inconclusive="0" skipped="0" asserts="0">
              <properties />
              <test-case id="2072" name="TestWithArguments1" fullname="Zenject.Tests.Bindings.TestFactoryWithArguments.TestWithArguments1" methodname="TestWithArguments1" classname="Zenject.Tests.Bindings.TestFactoryWithArguments" runstate="Runnable" seed="1011217792" result="Passed" start-time="2026-05-10 13:36:58Z" end-time="2026-05-10 13:36:58Z" duration="0.000699" asserts="0">
                <properties />
              </test-case>
              <test-case id="2073" name="TestWithFactoryArguments1" fullname="Zenject.Tests.Bindings.TestFactoryWithArguments.TestWithFactoryArguments1" methodname="TestWithFactoryArguments1" classname="Zenject.Tests.Bindings.TestFactoryWithArguments" runstate="Runnable" seed="1111800092" result="Passed" start-time="2026-05-10 13:36:58Z" end-time="2026-05-10 13:36:58Z" duration="0.000714" asserts="0">
                <properties />
              </test-case>
            </test-suite>
            <test-suite type="TestFixture" id="1886" name="TestFrom" fullname="Zenject.Tests.Bindings.TestFrom" classname="Zenject.Tests.Bindings.TestFrom" runstate="Runnable" testcasecount="19" result="Passed" start-time="2026-05-10 13:36:58Z" end-time="2026-05-10 13:36:58Z" duration="0.009624" total="19" passed="19" failed="0" inconclusive="0" skipped="0" asserts="0">
              <properties />
              <test-case id="1894" name="TestConcreteCached" fullname="Zenject.Tests.Bindings.TestFrom.TestConcreteCached" methodname="TestConcreteCached" classname="Zenject.Tests.Bindings.TestFrom" runstate="Runnable" seed="2131937920" result="Passed" start-time="2026-05-10 13:36:58Z" end-time="2026-05-10 13:36:58Z" duration="0.000447" asserts="0">
                <properties />
              </test-case>
              <test-case id="1897" name="TestConcreteMultipleSingle" fullname="Zenject.Tests.Bindings.TestFrom.TestConcreteMultipleSingle" methodname="TestConcreteMultipleSingle" classname="Zenject.Tests.Bindings.TestFrom" runstate="Runnable" seed="354669853" result="Passed" start-time="2026-05-10 13:36:58Z" end-time="2026-05-10 13:36:58Z" duration="0.000724" asserts="0">
                <properties />
              </test-case>
              <test-case id="1896" name="TestConcreteMultipleTransient" fullname="Zenject.Tests.Bindings.TestFrom.TestConcreteMultipleTransient" methodname="TestConcreteMultipleTransient" classname="Zenject.Tests.Bindings.TestFrom" runstate="Runnable" seed="1751499166" result="Passed" start-time="2026-05-10 13:36:58Z" end-time="2026-05-10 13:36:58Z" duration="0.000387" asserts="0">
                <properties />
              </test-case>
              <test-case id="1891" name="TestConcreteSingle" fullname="Zenject.Tests.Bindings.TestFrom.TestConcreteSingle" methodname="TestConcreteSingle" classname="Zenject.Tests.Bindings.TestFrom" runstate="Runnable" seed="258519100" result="Passed" start-time="2026-05-10 13:36:58Z" end-time="2026-05-10 13:36:58Z" duration="0.000366" asserts="0">
                <properties />
              </test-case>
              <test-case id="1892" name="TestConcreteTransient" fullname="Zenject.Tests.Bindings.TestFrom.TestConcreteTransient" methodname="TestConcreteTransient" classname="Zenject.Tests.Bindings.TestFrom" runstate="Runnable" seed="1805187343" result="Passed" start-time="2026-05-10 13:36:58Z" end-time="2026-05-10 13:36:58Z" duration="0.000277" asserts="0">
                <properties />
              </test-case>
              <test-case id="1893" name="TestConcreteTransient2" fullname="Zenject.Tests.Bindings.TestFrom.TestConcreteTransient2" methodname="TestConcreteTransient2" classname="Zenject.Tests.Bindings.TestFrom" runstate="Runnable" seed="912774001" result="Passed" start-time="2026-05-10 13:36:58Z" end-time="2026-05-10 13:36:58Z" duration="0.000265" asserts="0">
                <properties />
              </test-case>
              <test-case id="1895" name="TestDuplicateBindingsFail" fullname="Zenject.Tests.Bindings.TestFrom.TestDuplicateBindingsFail" methodname="TestDuplicateBindingsFail" classname="Zenject.Tests.Bindings.TestFrom" runstate="Runnable" seed="2139022508" result="Passed" start-time="2026-05-10 13:36:58Z" end-time="2026-05-10 13:36:58Z" duration="0.000292" asserts="0">
                <properties />
              </test-case>
              <test-case id="1902" name="TestMultipleBindingsCached" fullname="Zenject.Tests.Bindings.TestFrom.TestMultipleBindingsCached" methodname="TestMultipleBindingsCached" classname="Zenject.Tests.Bindings.TestFrom" runstate="Runnable" seed="451604414" result="Passed" start-time="2026-05-10 13:36:58Z" end-time="2026-05-10 13:36:58Z" duration="0.000284" asserts="0">
                <properties />
              </test-case>
              <test-case id="1905" name="TestMultipleBindingsConcreteMultipleCached" fullname="Zenject.Tests.Bindings.TestFrom.TestMultipleBindingsConcreteMultipleCached" methodname="TestMultipleBindingsConcreteMultipleCached" classname="Zenject.Tests.Bindings.TestFrom" runstate="Runnable" seed="1834174243" result="Passed" start-time="2026-05-10 13:36:58Z" end-time="2026-05-10 13:36:58Z" duration="0.000677" asserts="0">
                <properties />
              </test-case>
              <test-case id="1903" name="TestMultipleBindingsConcreteMultipleSingle" fullname="Zenject.Tests.Bindings.TestFrom.TestMultipleBindingsConcreteMultipleSingle" methodname="TestMultipleBindingsConcreteMultipleSingle" classname="Zenject.Tests.Bindings.TestFrom" runstate="Runnable" seed="1653973264" result="Passed" start-time="2026-05-10 13:36:58Z" end-time="2026-05-10 13:36:58Z" duration="0.000431" asserts="0">
                <properties />
              </test-case>
              <test-case id="1904" name="TestMultipleBindingsConcreteMultipleTransient" fullname="Zenject.Tests.Bindings.TestFrom.TestMultipleBindingsConcreteMultipleTransient" methodname="TestMultipleBindingsConcreteMultipleTransient" classname="Zenject.Tests.Bindings.TestFrom" runstate="Runnable" seed="288322334" result="Passed" start-time="2026-05-10 13:36:58Z" end-time="2026-05-10 13:36:58Z" duration="0.000390" asserts="0">
                <properties />
              </test-case>
              <test-case id="1900" name="TestMultipleBindingsSingle" fullname="Zenject.Tests.Bindings.TestFrom.TestMultipleBindingsSingle" methodname="TestMultipleBindingsSingle" classname="Zenject.Tests.Bindings.TestFrom" runstate="Runnable" seed="318548596" result="Passed" start-time="2026-05-10 13:36:58Z" end-time="2026-05-10 13:36:58Z" duration="0.000297" asserts="0">
                <properties />
              </test-case>
              <test-case id="1898" name="TestMultipleBindingsSingleFail1" fullname="Zenject.Tests.Bindings.TestFrom.TestMultipleBindingsSingleFail1" methodname="TestMultipleBindingsSingleFail1" classname="Zenject.Tests.Bindings.TestFrom" runstate="Runnable" seed="1899863243" result="Passed" start-time="2026-05-10 13:36:58Z" end-time="2026-05-10 13:36:58Z" duration="0.000271" asserts="0">
                <properties />
              </test-case>
              <test-case id="1899" name="TestMultipleBindingsSingleFail2" fullname="Zenject.Tests.Bindings.TestFrom.TestMultipleBindingsSingleFail2" methodname="TestMultipleBindingsSingleFail2" classname="Zenject.Tests.Bindings.TestFrom" runstate="Runnable" seed="286513585" result="Passed" start-time="2026-05-10 13:36:58Z" end-time="2026-05-10 13:36:58Z" duration="0.000275" asserts="0">
                <properties />
              </test-case>
              <test-case id="1901" name="TestMultipleBindingsTransient" fullname="Zenject.Tests.Bindings.TestFrom.TestMultipleBindingsTransient" methodname="TestMultipleBindingsTransient" classname="Zenject.Tests.Bindings.TestFrom" runstate="Runnable" seed="1000267825" result="Passed" start-time="2026-05-10 13:36:58Z" end-time="2026-05-10 13:36:58Z" duration="0.000328" asserts="0">
                <properties />
              </test-case>
              <test-case id="1890" name="TestSelfCached" fullname="Zenject.Tests.Bindings.TestFrom.TestSelfCached" methodname="TestSelfCached" classname="Zenject.Tests.Bindings.TestFrom" runstate="Runnable" seed="1715747624" result="Passed" start-time="2026-05-10 13:36:58Z" end-time="2026-05-10 13:36:58Z" duration="0.000260" asserts="0">
                <properties />
              </test-case>
              <test-case id="1887" name="TestSelfSingle" fullname="Zenject.Tests.Bindings.TestFrom.TestSelfSingle" methodname="TestSelfSingle" classname="Zenject.Tests.Bindings.TestFrom" runstate="Runnable" seed="933142867" result="Passed" start-time="2026-05-10 13:36:58Z" end-time="2026-05-10 13:36:58Z" duration="0.000255" asserts="0">
                <properties />
              </test-case>
              <test-case id="1888" name="TestSelfSingleExplicit" fullname="Zenject.Tests.Bindings.TestFrom.TestSelfSingleExplicit" methodname="TestSelfSingleExplicit" classname="Zenject.Tests.Bindings.TestFrom" runstate="Runnable" seed="1518027211" result="Passed" start-time="2026-05-10 13:36:58Z" end-time="2026-05-10 13:36:58Z" duration="0.000464" asserts="0">
                <properties />
              </test-case>
              <test-case id="1889" name="TestSelfTransient" fullname="Zenject.Tests.Bindings.TestFrom.TestSelfTransient" methodname="TestSelfTransient" classname="Zenject.Tests.Bindings.TestFrom" runstate="Runnable" seed="255506647" result="Passed" start-time="2026-05-10 13:36:58Z" end-time="2026-05-10 13:36:58Z" duration="0.000272" asserts="0">
                <properties />
              </test-case>
            </test-suite>
            <test-suite type="TestFixture" id="1906" name="TestFromFactory" fullname="Zenject.Tests.Bindings.TestFromFactory" classname="Zenject.Tests.Bindings.TestFromFactory" runstate="Runnable" testcasecount="9" result="Passed" start-time="2026-05-10 13:36:58Z" end-time="2026-05-10 13:36:58Z" duration="0.006703" total="9" passed="9" failed="0" inconclusive="0" skipped="0" asserts="0">
              <properties />
[...]
]]></output>
              </test-case>
              <test-case id="1741" name="TestWithArgs" fullname="Zenject.Tests.Signals.TestSignals1.TestWithArgs" methodname="TestWithArgs" classname="Zenject.Tests.Signals.TestSignals1" runstate="Runnable" seed="811517955" result="Passed" start-time="2026-05-10 13:36:59Z" end-time="2026-05-10 13:36:59Z" duration="0.000723" asserts="0">
                <properties />
              </test-case>
            </test-suite>
            <test-suite type="TestFixture" id="1744" name="TestSignalsAdvanced" fullname="Zenject.Tests.Signals.TestSignalsAdvanced" classname="Zenject.Tests.Signals.TestSignalsAdvanced" runstate="Runnable" testcasecount="9" result="Passed" start-time="2026-05-10 13:36:59Z" end-time="2026-05-10 13:36:59Z" duration="0.011794" total="9" passed="9" failed="0" inconclusive="0" skipped="0" asserts="0">
              <properties />
              <test-case id="1751" name="TestIsDeclared1" fullname="Zenject.Tests.Signals.TestSignalsAdvanced.TestIsDeclared1" methodname="TestIsDeclared1" classname="Zenject.Tests.Signals.TestSignalsAdvanced" runstate="Runnable" seed="112173460" result="Passed" start-time="2026-05-10 13:36:59Z" end-time="2026-05-10 13:36:59Z" duration="0.000714" asserts="0">
                <properties />
              </test-case>
              <test-case id="1752" name="TestIsDeclared2" fullname="Zenject.Tests.Signals.TestSignalsAdvanced.TestIsDeclared2" methodname="TestIsDeclared2" classname="Zenject.Tests.Signals.TestSignalsAdvanced" runstate="Runnable" seed="1683143626" result="Passed" start-time="2026-05-10 13:36:59Z" end-time="2026-05-10 13:36:59Z" duration="0.000411" asserts="0">
                <properties />
              </test-case>
              <test-case id="1749" name="TestSignalDeclarationSettingsRequireHandler" fullname="Zenject.Tests.Signals.TestSignalsAdvanced.TestSignalDeclarationSettingsRequireHandler" methodname="TestSignalDeclarationSettingsRequireHandler" classname="Zenject.Tests.Signals.TestSignalsAdvanced" runstate="Runnable" seed="444655958" result="Passed" start-time="2026-05-10 13:36:59Z" end-time="2026-05-10 13:36:59Z" duration="0.000587" asserts="0">
                <properties />
              </test-case>
              <test-case id="1748" name="TestSignalDeclarationSettingsRequireHandlerMissing" fullname="Zenject.Tests.Signals.TestSignalsAdvanced.TestSignalDeclarationSettingsRequireHandlerMissing" methodname="TestSignalDeclarationSettingsRequireHandlerMissing" classname="Zenject.Tests.Signals.TestSignalsAdvanced" runstate="Runnable" seed="1292381600" result="Passed" start-time="2026-05-10 13:36:59Z" end-time="2026-05-10 13:36:59Z" duration="0.000903" asserts="0">
                <properties />
                <output><![CDATA[Fired signal 'TestSignalsAdvanced.FooSignal' but no subscriptions found!  If this is intentional then either add OptionalSubscriber() to the binding or change the default in ZenjectSettings
]]></output>
              </test-case>
              <test-case id="1750" name="TestSignalDeclarationSettingsRunAsync1" fullname="Zenject.Tests.Signals.TestSignalsAdvanced.TestSignalDeclarationSettingsRunAsync1" methodname="TestSignalDeclarationSettingsRunAsync1" classname="Zenject.Tests.Signals.TestSignalsAdvanced" runstate="Runnable" seed="84120036" result="Passed" start-time="2026-05-10 13:36:59Z" end-time="2026-05-10 13:36:59Z" duration="0.000911" asserts="0">
                <properties />
              </test-case>
              <test-case id="1753" name="TestSignalDeclarationSettingsRunAsync2" fullname="Zenject.Tests.Signals.TestSignalsAdvanced.TestSignalDeclarationSettingsRunAsync2" methodname="TestSignalDeclarationSettingsRunAsync2" classname="Zenject.Tests.Signals.TestSignalsAdvanced" runstate="Runnable" seed="1268248460" result="Passed" start-time="2026-05-10 13:36:59Z" end-time="2026-05-10 13:36:59Z" duration="0.000889" asserts="0">
                <properties />
              </test-case>
              <test-case id="1747" name="TestSubcontainers1" fullname="Zenject.Tests.Signals.TestSignalsAdvanced.TestSubcontainers1" methodname="TestSubcontainers1" classname="Zenject.Tests.Signals.TestSignalsAdvanced" runstate="Runnable" seed="638969475" result="Passed" start-time="2026-05-10 13:36:59Z" end-time="2026-05-10 13:36:59Z" duration="0.003355" asserts="0">
                <properties />
                <output><![CDATA[Fired signal 'TestSignalsAdvanced.FooSignal' but no subscriptions found!  If this is intentional then either add OptionalSubscriber() to the binding or change the default in ZenjectSettings
]]></output>
              </test-case>
              <test-case id="1745" name="TestSubscribeDeterministicOrder" fullname="Zenject.Tests.Signals.TestSignalsAdvanced.TestSubscribeDeterministicOrder" methodname="TestSubscribeDeterministicOrder" classname="Zenject.Tests.Signals.TestSignalsAdvanced" runstate="Runnable" seed="621597606" result="Passed" start-time="2026-05-10 13:36:59Z" end-time="2026-05-10 13:36:59Z" duration="0.000659" asserts="0">
                <properties />
              </test-case>
              <test-case id="1746" name="TestSubscribeUnsubscribeInsideHandler" fullname="Zenject.Tests.Signals.TestSignalsAdvanced.TestSubscribeUnsubscribeInsideHandler" methodname="TestSubscribeUnsubscribeInsideHandler" classname="Zenject.Tests.Signals.TestSignalsAdvanced" runstate="Runnable" seed="1729022325" result="Passed" start-time="2026-05-10 13:36:59Z" end-time="2026-05-10 13:36:59Z" duration="0.001846" asserts="0">
                <properties />
                <output><![CDATA[Fired signal 'TestSignalsAdvanced.FooSignal' but no subscriptions found!  If this is intentional then either add OptionalSubscriber() to the binding or change the default in ZenjectSettings
Fired signal 'TestSignalsAdvanced.FooSignal' but no subscriptions found!  If this is intentional then either add OptionalSubscriber() to the binding or change the default in ZenjectSettings
]]></output>
              </test-case>
            </test-suite>
          </test-suite>
          <test-suite type="TestFixture" id="1680" name="TestArrayPool" fullname="Zenject.Tests.TestArrayPool" classname="Zenject.Tests.TestArrayPool" runstate="Runnable" testcasecount="1" result="Passed" start-time="2026-05-10 13:36:59Z" end-time="2026-05-10 13:36:59Z" duration="0.002055" total="1" passed="1" failed="0" inconclusive="0" skipped="0" asserts="0">
            <properties />
            <test-case id="1681" name="RunTest" fullname="Zenject.Tests.TestArrayPool.RunTest" methodname="RunTest" classname="Zenject.Tests.TestArrayPool" runstate="Runnable" seed="497131195" result="Passed" start-time="2026-05-10 13:36:59Z" end-time="2026-05-10 13:36:59Z" duration="0.001540" asserts="0">
              <properties />
            </test-case>
          </test-suite>
          <test-suite type="TestFixture" id="1682" name="TestDisposeBlock" fullname="Zenject.Tests.TestDisposeBlock" classname="Zenject.Tests.TestDisposeBlock" runstate="Runnable" testcasecount="3" result="Passed" start-time="2026-05-10 13:36:59Z" end-time="2026-05-10 13:36:59Z" duration="0.003366" total="3" passed="3" failed="0" inconclusive="0" skipped="0" asserts="0">
            <properties />
            <test-case id="1683" name="TestExceptions" fullname="Zenject.Tests.TestDisposeBlock.TestExceptions" methodname="TestExceptions" classname="Zenject.Tests.TestDisposeBlock" runstate="Runnable" seed="134312874" result="Passed" start-time="2026-05-10 13:36:59Z" end-time="2026-05-10 13:36:59Z" duration="0.000659" asserts="0">
              <properties />
            </test-case>
            <test-case id="1685" name="TestWithNormalMemoryPool" fullname="Zenject.Tests.TestDisposeBlock.TestWithNormalMemoryPool" methodname="TestWithNormalMemoryPool" classname="Zenject.Tests.TestDisposeBlock" runstate="Runnable" seed="1397234164" result="Passed" start-time="2026-05-10 13:36:59Z" end-time="2026-05-10 13:36:59Z" duration="0.001056" asserts="0">
              <properties />
            </test-case>
            <test-case id="1684" name="TestWithStaticMemoryPool" fullname="Zenject.Tests.TestDisposeBlock.TestWithStaticMemoryPool" methodname="TestWithStaticMemoryPool" classname="Zenject.Tests.TestDisposeBlock" runstate="Runnable" seed="1363442632" result="Passed" start-time="2026-05-10 13:36:59Z" end-time="2026-05-10 13:36:59Z" duration="0.000859" asserts="0">
              <properties />
            </test-case>
          </test-suite>
          <test-suite type="TestFixture" id="1686" name="TestPoolableStaticMemoryPool" fullname="Zenject.Tests.TestPoolableStaticMemoryPool" classname="Zenject.Tests.TestPoolableStaticMemoryPool" runstate="Runnable" testcasecount="1" result="Passed" start-time="2026-05-10 13:36:59Z" end-time="2026-05-10 13:36:59Z" duration="0.001212" total="1" passed="1" failed="0" inconclusive="0" skipped="0" asserts="0">
            <properties />
            <test-case id="1687" name="RunTest" fullname="Zenject.Tests.TestPoolableStaticMemoryPool.RunTest" methodname="RunTest" classname="Zenject.Tests.TestPoolableStaticMemoryPool" runstate="Runnable" seed="1485701540" result="Passed" start-time="2026-05-10 13:36:59Z" end-time="2026-05-10 13:36:59Z" duration="0.000806" asserts="0">
              <properties />
            </test-case>
          </test-suite>
          <test-suite type="TestFixture" id="1688" name="TestStaticMemoryPool" fullname="Zenject.Tests.TestStaticMemoryPool" classname="Zenject.Tests.TestStaticMemoryPool" runstate="Runnable" testcasecount="4" result="Passed" start-time="2026-05-10 13:36:59Z" end-time="2026-05-10 13:36:59Z" duration="0.003757" total="4" passed="4" failed="0" inconclusive="0" skipped="0" asserts="0">
            <properties />
            <test-case id="1689" name="RunTest" fullname="Zenject.Tests.TestStaticMemoryPool.RunTest" methodname="RunTest" classname="Zenject.Tests.TestStaticMemoryPool" runstate="Runnable" seed="827881231" result="Passed" start-time="2026-05-10 13:36:59Z" end-time="2026-05-10 13:36:59Z" duration="0.000917" asserts="0">
              <properties />
            </test-case>
            <test-case id="1690" name="TestListPool" fullname="Zenject.Tests.TestStaticMemoryPool.TestListPool" methodname="TestListPool" classname="Zenject.Tests.TestStaticMemoryPool" runstate="Runnable" seed="1172422731" result="Passed" start-time="2026-05-10 13:36:59Z" end-time="2026-05-10 13:36:59Z" duration="0.000698" asserts="0">
              <properties />
            </test-case>
            <test-case id="1691" name="TestPoolWrapper" fullname="Zenject.Tests.TestStaticMemoryPool.TestPoolWrapper" methodname="TestPoolWrapper" classname="Zenject.Tests.TestStaticMemoryPool" runstate="Runnable" seed="1578641246" result="Passed" start-time="2026-05-10 13:36:59Z" end-time="2026-05-10 13:36:59Z" duration="0.000377" asserts="0">
              <properties />
            </test-case>
            <test-case id="1692" name="TestResize" fullname="Zenject.Tests.TestStaticMemoryPool.TestResize" methodname="TestResize" classname="Zenject.Tests.TestStaticMemoryPool" runstate="Runnable" seed="921008994" result="Passed" start-time="2026-05-10 13:36:59Z" end-time="2026-05-10 13:36:59Z" duration="0.000938" asserts="0">
              <properties />
            </test-case>
          </test-suite>
          <test-suite type="TestFixture" id="1693" name="TestTestUtil" fullname="Zenject.Tests.TestTestUtil" classname="Zenject.Tests.TestTestUtil" runstate="Runnable" testcasecount="2" result="Passed" start-time="2026-05-10 13:36:59Z" end-time="2026-05-10 13:36:59Z" duration="0.001313" total="2" passed="2" failed="0" inconclusive="0" skipped="0" asserts="0">
            <properties />
            <test-case id="1695" name="TestFalse" fullname="Zenject.Tests.TestTestUtil.TestFalse" methodname="TestFalse" classname="Zenject.Tests.TestTestUtil" runstate="Runnable" seed="321084765" result="Passed" start-time="2026-05-10 13:36:59Z" end-time="2026-05-10 13:36:59Z" duration="0.000613" asserts="0">
              <properties />
            </test-case>
            <test-case id="1694" name="TestTrue" fullname="Zenject.Tests.TestTestUtil.TestTrue" methodname="TestTrue" classname="Zenject.Tests.TestTestUtil" runstate="Runnable" seed="1788229512" result="Passed" start-time="2026-05-10 13:36:59Z" end-time="2026-05-10 13:36:59Z" duration="0.000177" asserts="0">
              <properties />
            </test-case>
          </test-suite>
          <test-suite type="TestFixture" id="1696" name="TestValidation" fullname="Zenject.Tests.TestValidation" classname="Zenject.Tests.TestValidation" runstate="Runnable" testcasecount="13" result="Passed" start-time="2026-05-10 13:36:59Z" end-time="2026-05-10 13:36:59Z" duration="0.012926" total="13" passed="13" failed="0" inconclusive="0" skipped="0" asserts="0">
            <properties />
            <test-case id="1709" name="TestCustomValidatable" fullname="Zenject.Tests.TestValidation.TestCustomValidatable" methodname="TestCustomValidatable" classname="Zenject.Tests.TestValidation" runstate="Runnable" seed="1793821830" result="Passed" start-time="2026-05-10 13:36:59Z" end-time="2026-05-10 13:36:59Z" duration="0.000899" asserts="0">
              <properties />
            </test-case>
            <test-case id="1700" name="TestFactoryFail" fullname="Zenject.Tests.TestValidation.TestFactoryFail" methodname="TestFactoryFail" classname="Zenject.Tests.TestValidation" runstate="Runnable" seed="493389846" result="Passed" start-time="2026-05-10 13:36:59Z" end-time="2026-05-10 13:36:59Z" duration="0.000813" asserts="0">
              <properties />
            </test-case>
            <test-case id="1701" name="TestFactorySuccess" fullname="Zenject.Tests.TestValidation.TestFactorySuccess" methodname="TestFactorySuccess" classname="Zenject.Tests.TestValidation" runstate="Runnable" seed="765762302" result="Passed" start-time="2026-05-10 13:36:59Z" end-time="2026-05-10 13:36:59Z" duration="0.003326" asserts="0">
              <properties />
            </test-case>
            <test-case id="1697" name="TestFailure" fullname="Zenject.Tests.TestValidation.TestFailure" methodname="TestFailure" classname="Zenject.Tests.TestValidation" runstate="Runnable" seed="1797119589" result="Passed" start-time="2026-05-10 13:36:59Z" end-time="2026-05-10 13:36:59Z" duration="0.000411" asserts="0">
              <properties />
            </test-case>
            <test-case id="1705" name="TestLazyFail" fullname="Zenject.Tests.TestValidation.TestLazyFail" methodname="TestLazyFail" classname="Zenject.Tests.TestValidation" runstate="Runnable" seed="428608142" result="Passed" start-time="2026-05-10 13:36:59Z" end-time="2026-05-10 13:36:59Z" duration="0.000682" asserts="0">
              <properties />
            </test-case>
            <test-case id="1706" name="TestLazySuccess" fullname="Zenject.Tests.TestValidation.TestLazySuccess" methodname="TestLazySuccess" classname="Zenject.Tests.TestValidation" runstate="Runnable" seed="1168600198" result="Passed" start-time="2026-05-10 13:36:59Z" end-time="2026-05-10 13:36:59Z" duration="0.000577" asserts="0">
              <properties />
            </test-case>
            <test-case id="1707" name="TestMemoryPoolFailure" fullname="Zenject.Tests.TestValidation.TestMemoryPoolFailure" methodname="TestMemoryPoolFailure" classname="Zenject.Tests.TestValidation" runstate="Runnable" seed="948825400" result="Passed" start-time="2026-05-10 13:36:59Z" end-time="2026-05-10 13:36:59Z" duration="0.000946" asserts="0">
              <properties />
            </test-case>
            <test-case id="1708" name="TestMemoryPoolSuccess" fullname="Zenject.Tests.TestValidation.TestMemoryPoolSuccess" methodname="TestMemoryPoolSuccess" classname="Zenject.Tests.TestValidation" runstate="Runnable" seed="1320880911" result="Passed" start-time="2026-05-10 13:36:59Z" end-time="2026-05-10 13:36:59Z" duration="0.000396" asserts="0">
              <properties />
            </test-case>
            <test-case id="1699" name="TestNumCalls" fullname="Zenject.Tests.TestValidation.TestNumCalls" methodname="TestNumCalls" classname="Zenject.Tests.TestValidation" runstate="Runnable" seed="360198983" result="Passed" start-time="2026-05-10 13:36:59Z" end-time="2026-05-10 13:36:59Z" duration="0.000753" asserts="0">
              <properties />
            </test-case>
            <test-case id="1704" name="TestSubContainerInstallerFailure" fullname="Zenject.Tests.TestValidation.TestSubContainerInstallerFailure" methodname="TestSubContainerInstallerFailure" classname="Zenject.Tests.TestValidation" runstate="Runnable" seed="802297505" result="Passed" start-time="2026-05-10 13:36:59Z" end-time="2026-05-10 13:36:59Z" duration="0.000638" asserts="0">
              <properties />
            </test-case>
            <test-case id="1703" name="TestSubContainerMethodFailure" fullname="Zenject.Tests.TestValidation.TestSubContainerMethodFailure" methodname="TestSubContainerMethodFailure" classname="Zenject.Tests.TestValidation" runstate="Runnable" seed="1227621712" result="Passed" start-time="2026-05-10 13:36:59Z" end-time="2026-05-10 13:36:59Z" duration="0.000631" asserts="0">
              <properties />
            </test-case>
            <test-case id="1702" name="TestSubContainerMethodSuccess" fullname="Zenject.Tests.TestValidation.TestSubContainerMethodSuccess" methodname="TestSubContainerMethodSuccess" classname="Zenject.Tests.TestValidation" runstate="Runnable" seed="2074506627" result="Passed" start-time="2026-05-10 13:36:59Z" end-time="2026-05-10 13:36:59Z" duration="0.000647" asserts="0">
              <properties />
            </test-case>
            <test-case id="1698" name="TestSuccess" fullname="Zenject.Tests.TestValidation.TestSuccess" methodname="TestSuccess" classname="Zenject.Tests.TestValidation" runstate="Runnable" seed="731885775" result="Passed" start-time="2026-05-10 13:36:59Z" end-time="2026-05-10 13:36:59Z" duration="0.000324" asserts="0">
              <properties />
            </test-case>
          </test-suite>
          <test-suite type="TestFixture" id="1710" name="TestValidationSettings" fullname="Zenject.Tests.TestValidationSettings" classname="Zenject.Tests.TestValidationSettings" runstate="Runnable" testcasecount="3" result="Passed" start-time="2026-05-10 13:36:59Z" end-time="2026-05-10 13:36:59Z" duration="0.001812" total="3" passed="3" failed="0" inconclusive="0" skipped="0" asserts="0">
            <properties />
            <test-case id="1712" name="TestOutsideObjectGraph1" fullname="Zenject.Tests.TestValidationSettings.TestOutsideObjectGraph1" methodname="TestOutsideObjectGraph1" classname="Zenject.Tests.TestValidationSettings" runstate="Runnable" seed="1551348633" result="Passed" start-time="2026-05-10 13:36:59Z" end-time="2026-05-10 13:36:59Z" duration="0.000333" asserts="0">
              <properties />
            </test-case>
            <test-case id="1713" name="TestOutsideObjectGraph2" fullname="Zenject.Tests.TestValidationSettings.TestOutsideObjectGraph2" methodname="TestOutsideObjectGraph2" classname="Zenject.Tests.TestValidationSettings" runstate="Runnable" seed="1276357159" result="Passed" start-time="2026-05-10 13:36:59Z" end-time="2026-05-10 13:36:59Z" duration="0.000419" asserts="0">
              <properties />
            </test-case>
            <test-case id="1711" name="TestValidationErrorThrows" fullname="Zenject.Tests.TestValidationSettings.TestValidationErrorThrows" methodname="TestValidationErrorThrows" classname="Zenject.Tests.TestValidationSettings" runstate="Runnable" seed="604327786" result="Passed" start-time="2026-05-10 13:36:59Z" end-time="2026-05-10 13:36:59Z" duration="0.000280" asserts="0">
              <properties />
            </test-case>
          </test-suite>
        </test-suite>
      </test-suite>
    </test-suite>
  </test-suite>
</test-run>